This is XeTeX, Version 3.141592653-2.6-0.999993 (TeX Live 2022/dev/Debian) (preloaded format=xelatex 2022.5.2)  17 MAY 2022 11:09
entering extended mode
 restricted \write18 enabled.
 %&-line parsing enabled.
**cv-espanol.tex
(./cv-espanol.tex
LaTeX2e <2021-11-15> patch level 1
L3 programming layer <2022-01-21>
(/usr/share/texlive/texmf-dist/tex/latex/base/article.cls
Document Class: article 2021/10/04 v1.4n Standard LaTeX document class
(/usr/share/texlive/texmf-dist/tex/latex/base/size11.clo
File: size11.clo 2021/10/04 v1.4n Standard LaTeX file (size option)
)
\c@part=\count181
\c@section=\count182
\c@subsection=\count183
\c@subsubsection=\count184
\c@paragraph=\count185
\c@subparagraph=\count186
\c@figure=\count187
\c@table=\count188
\abovecaptionskip=\skip47
\belowcaptionskip=\skip48
\bibindent=\dimen138
)
(/usr/share/texlive/texmf-dist/tex/latex/fontspec/fontspec.sty
(/usr/share/texlive/texmf-dist/tex/latex/l3packages/xparse/xparse.sty
(/usr/share/texlive/texmf-dist/tex/latex/l3kernel/expl3.sty
Package: expl3 2022-01-21 L3 programming layer (loader) 

(/usr/share/texlive/texmf-dist/tex/latex/l3backend/l3backend-xetex.def
File: l3backend-xetex.def 2022-01-12 L3 backend support: XeTeX

(|extractbb --version)
\c__kernel_sys_dvipdfmx_version_int=\count189
\l__color_backend_stack_int=\count190
\g__color_backend_stack_int=\count191
\g__graphics_track_int=\count192
\l__pdf_internal_box=\box50
\g__pdf_backend_object_int=\count193
\g__pdf_backend_annotation_int=\count194
\g__pdf_backend_link_int=\count195
))
Package: xparse 2022-01-12 L3 Experimental document command parser
)
Package: fontspec 2022/01/15 v2.8a Font selection for XeLaTeX and LuaLaTeX

(/usr/share/texlive/texmf-dist/tex/latex/fontspec/fontspec-xetex.sty
Package: fontspec-xetex 2022/01/15 v2.8a Font selection for XeLaTeX and LuaLaTe
X
\l__fontspec_script_int=\count196
\l__fontspec_language_int=\count197
\l__fontspec_strnum_int=\count198
\l__fontspec_tmp_int=\count199
\l__fontspec_tmpa_int=\count266
\l__fontspec_tmpb_int=\count267
\l__fontspec_tmpc_int=\count268
\l__fontspec_em_int=\count269
\l__fontspec_emdef_int=\count270
\l__fontspec_strong_int=\count271
\l__fontspec_strongdef_int=\count272
\l__fontspec_tmpa_dim=\dimen139
\l__fontspec_tmpb_dim=\dimen140
\l__fontspec_tmpc_dim=\dimen141

(/usr/share/texlive/texmf-dist/tex/latex/base/fontenc.sty
Package: fontenc 2021/04/29 v2.0v Standard LaTeX package
)
(/usr/share/texlive/texmf-dist/tex/latex/fontspec/fontspec.cfg)))
(/usr/share/texlive/texmf-dist/tex/latex/geometry/geometry.sty
Package: geometry 2020/01/02 v5.9 Page Geometry

(/usr/share/texlive/texmf-dist/tex/latex/graphics/keyval.sty
Package: keyval 2014/10/28 v1.15 key=value parser (DPC)
\KV@toks@=\toks16
)
(/usr/share/texlive/texmf-dist/tex/generic/iftex/ifvtex.sty
Package: ifvtex 2019/10/25 v1.7 ifvtex legacy package. Use iftex instead.

(/usr/share/texlive/texmf-dist/tex/generic/iftex/iftex.sty
Package: iftex 2020/03/06 v1.0d TeX engine tests
))
\Gm@cnth=\count273
\Gm@cntv=\count274
\c@Gm@tempcnt=\count275
\Gm@bindingoffset=\dimen142
\Gm@wd@mp=\dimen143
\Gm@odd@mp=\dimen144
\Gm@even@mp=\dimen145
\Gm@layoutwidth=\dimen146
\Gm@layoutheight=\dimen147
\Gm@layouthoffset=\dimen148
\Gm@layoutvoffset=\dimen149
\Gm@dimlist=\toks17
)
(/usr/share/texlive/texmf-dist/tex/generic/babel/babel.sty
Package: babel 2022/01/26 3.70 The Babel package
\babel@savecnt=\count276
\U@D=\dimen150
\l@unhyphenated=\language87

(/usr/share/texlive/texmf-dist/tex/generic/babel/xebabel.def
(/usr/share/texlive/texmf-dist/tex/generic/babel/txtbabel.def))
\bbl@readstream=\read2
\bbl@dirlevel=\count277

(/usr/share/texlive/texmf-dist/tex/generic/babel-spanish/spanish.ldf
Language: spanish.ldf 2021/05/27 v5.0q Spanish support from the babel system
\es@quottoks=\toks18
\es@quotdepth=\count278
Package babel Info: Making " an active character on input line 570.
Package babel Info: Making . an active character on input line 675.
Package babel Info: Making < an active character on input line 722.
Package babel Info: Making > an active character on input line 722.
))
(/usr/share/texlive/texmf-dist/tex/latex/graphics/graphicx.sty
Package: graphicx 2021/09/16 v1.2d Enhanced LaTeX Graphics (DPC,SPQR)

(/usr/share/texlive/texmf-dist/tex/latex/graphics/graphics.sty
Package: graphics 2021/03/04 v1.4d Standard LaTeX Graphics (DPC,SPQR)

(/usr/share/texlive/texmf-dist/tex/latex/graphics/trig.sty
Package: trig 2021/08/11 v1.11 sin cos tan (DPC)
)
(/usr/share/texlive/texmf-dist/tex/latex/graphics-cfg/graphics.cfg
File: graphics.cfg 2016/06/04 v1.11 sample graphics configuration
)
Package graphics Info: Driver file: xetex.def on input line 107.

(/usr/share/texlive/texmf-dist/tex/latex/graphics-def/xetex.def
File: xetex.def 2021/03/18 v5.0k Graphics/color driver for xetex
))
\Gin@req@height=\dimen151
\Gin@req@width=\dimen152
)
(/usr/share/texlive/texmf-dist/tex/latex/xcolor/xcolor.sty
Package: xcolor 2021/10/31 v2.13 LaTeX color extensions (UK)

(/usr/share/texlive/texmf-dist/tex/latex/graphics-cfg/color.cfg
File: color.cfg 2016/01/02 v1.6 sample color configuration
)
Package xcolor Info: Package option `usenames' ignored on input line 218.
Package xcolor Info: Driver file: xetex.def on input line 227.
Package xcolor Info: Model `cmy' substituted by `cmy0' on input line 1352.
Package xcolor Info: Model `RGB' extended on input line 1368.
Package xcolor Info: Model `HTML' substituted by `rgb' on input line 1370.
Package xcolor Info: Model `Hsb' substituted by `hsb' on input line 1371.
Package xcolor Info: Model `tHsb' substituted by `hsb' on input line 1372.
Package xcolor Info: Model `HSB' substituted by `hsb' on input line 1373.
Package xcolor Info: Model `Gray' substituted by `gray' on input line 1374.
Package xcolor Info: Model `wave' substituted by `hsb' on input line 1375.

(/usr/share/texlive/texmf-dist/tex/latex/graphics/dvipsnam.def
File: dvipsnam.def 2016/06/17 v3.0m Driver-dependent file (DPC,SPQR)
))
(/usr/share/texlive/texmf-dist/tex/xelatex/xunicode/xunicode.sty
File: xunicode.sty 2011/09/09 v0.981 provides access to latin accents and many 
other characters in Unicode lower plane

(/usr/share/texmf/tex/latex/tipa/t3enc.def
File: t3enc.def 2001/12/31 T3 encoding
)
\tipaTiiicode=\count279
\tipasavetokens=\toks19
\tipachecktokens=\toks20
)
(/usr/share/texlive/texmf-dist/tex/xelatex/xltxtra/xltxtra.sty
Package: xltxtra 2018/12/31 v0.7 Improvements for the "XeLaTeX" format

(/usr/share/texlive/texmf-dist/tex/generic/iftex/ifluatex.sty
Package: ifluatex 2019/10/25 v1.5 ifluatex legacy package. Use iftex instead.
)
(/usr/share/texlive/texmf-dist/tex/generic/iftex/ifxetex.sty
Package: ifxetex 2019/10/25 v0.7 ifxetex legacy package. Use iftex instead.
)
(/usr/share/texlive/texmf-dist/tex/latex/realscripts/realscripts.sty
Package: realscripts 2016/02/13 v0.3d Access OpenType subscripts and superscrip
ts
\subsupersep=\dimen153
)
(/usr/share/texlive/texmf-dist/tex/latex/metalogo/metalogo.sty
Package: metalogo 2010/05/29 v0.12 Extended TeX logo macros
\xl@everylogo=\toks21
\xl@@everylogo=\toks22
LaTeX Info: Redefining \TeX on input line 193.
LaTeX Info: Redefining \LaTeX on input line 202.
LaTeX Info: Redefining \LaTeXe on input line 219.
)
\l__xetex_show_hyphens_wrapping_box=\box51
\l__xetex_show_hyphens_temp_box=\box52
\l__xetex_show_hyphens_final_box=\box53
\g__xetex_show_hyphens_word_box=\box54
)

Package fontspec Info: Font family 'LinLibertine_R.otf(0)' created for font
(fontspec)             'LinLibertine_R.otf' with options
(fontspec)             [Mapping=tex-text,Ligatures=TeX,Ligatures={Common},Numbe
rs={OldStyle},Variant=01,BoldFont=LinLibertine_RB.otf,ItalicFont=LinLibertine_R
I.otf,BoldItalicFont=LinLibertine_RBI.otf].
(fontspec)              
(fontspec)              This font family consists of the following NFSS
(fontspec)             series/shapes:
(fontspec)              
(fontspec)             - 'normal' (m/n) with NFSS spec.:
(fontspec)             <->"[LinLibertine_R.otf]/OT:script=latn;language=dflt;+l
iga;+onum;+ss01;mapping=tex-text;"
(fontspec)             - 'small caps'  (m/sc) with NFSS spec.:
(fontspec)             <->"[LinLibertine_R.otf]/OT:script=latn;language=dflt;+l
iga;+onum;+ss01;+smcp;mapping=tex-text;"
(fontspec)             - 'bold' (b/n) with NFSS spec.:
(fontspec)             <->"[LinLibertine_RB.otf]/OT:script=latn;language=dflt;+
liga;+onum;+ss01;mapping=tex-text;"
(fontspec)             - 'bold small caps'  (b/sc) with NFSS spec.:
(fontspec)             <->"[LinLibertine_RB.otf]/OT:script=latn;language=dflt;+
liga;+onum;+ss01;+smcp;mapping=tex-text;"
(fontspec)             - 'italic' (m/it) with NFSS spec.:
(fontspec)             <->"[LinLibertine_RI.otf]/OT:script=latn;language=dflt;+
liga;+onum;+ss01;mapping=tex-text;"
(fontspec)             - 'italic small caps'  (m/scit) with NFSS spec.:
(fontspec)             <->"[LinLibertine_RI.otf]/OT:script=latn;language=dflt;+
liga;+onum;+ss01;+smcp;mapping=tex-text;"
(fontspec)             - 'bold italic' (b/it) with NFSS spec.:
(fontspec)             <->"[LinLibertine_RBI.otf]/OT:script=latn;language=dflt;
+liga;+onum;+ss01;mapping=tex-text;"
(fontspec)             - 'bold italic small caps'  (b/scit) with NFSS spec.:
(fontspec)             <->"[LinLibertine_RBI.otf]/OT:script=latn;language=dflt;
+liga;+onum;+ss01;+smcp;mapping=tex-text;"


Package fontspec Info: Font family 'DejaVuSansMono.ttf(0)' created for font
(fontspec)             'DejaVuSansMono.ttf' with options
(fontspec)             [Mapping=tex-text,WordSpace={1,0,0},HyphenChar=None,Punc
tuationSpace=WordSpace,Scale=0.8].
(fontspec)              
(fontspec)              This font family consists of the following NFSS
(fontspec)             series/shapes:
(fontspec)              
(fontspec)             - 'normal' (m/n) with NFSS spec.:
(fontspec)             <->s*[0.8]"[DejaVuSansMono.ttf]/OT:script=latn;language=
dflt;mapping=tex-text;"
(fontspec)             - 'small caps'  (m/sc) with NFSS spec.: 
(fontspec)             and font adjustment code:
(fontspec)             \fontdimen 2\font =1\fontdimen 2\font \fontdimen 3\font
(fontspec)             =0\fontdimen 3\font \fontdimen 4\font =0\fontdimen
(fontspec)             4\font \fontdimen 7\font =0\fontdimen 2\font
(fontspec)             \tex_hyphenchar:D \font =-1\scan_stop: 


Package fontspec Info: Font family 'LatinModernSans(0)' created for font
(fontspec)             'Latin Modern Sans' with options
(fontspec)             [Mapping=tex-text,Ligatures=TeX].
(fontspec)              
(fontspec)              This font family consists of the following NFSS
(fontspec)             series/shapes:
(fontspec)              
(fontspec)             - 'normal' (m/n) with NFSS spec.: <->"Latin Modern
(fontspec)             Sans/OT:script=latn;language=dflt;mapping=tex-text;"
(fontspec)             - 'small caps'  (m/sc) with NFSS spec.: 
(fontspec)             - 'bold' (b/n) with NFSS spec.: <->"Latin Modern
(fontspec)             Sans/B/OT:script=latn;language=dflt;mapping=tex-text;"
(fontspec)             - 'bold small caps'  (b/sc) with NFSS spec.: 
(fontspec)             - 'italic' (m/it) with NFSS spec.: <->"Latin Modern
(fontspec)             Sans/I/OT:script=latn;language=dflt;mapping=tex-text;"
(fontspec)             - 'italic small caps'  (m/scit) with NFSS spec.: 
(fontspec)             - 'bold italic' (b/it) with NFSS spec.: <->"Latin
(fontspec)             Modern
(fontspec)             Sans/BI/OT:script=latn;language=dflt;mapping=tex-text;"
(fontspec)             - 'bold italic small caps'  (b/scit) with NFSS spec.: 


(/usr/share/texlive/texmf-dist/tex/latex/marginnote/marginnote.sty
Package: marginnote 2018/08/09 v1.4b non floating margin notes for LaTeX
\c@mn@abspage=\count280
)
(/usr/share/texlive/texmf-dist/tex/latex/sectsty/sectsty.sty
Package: sectsty 2002/02/25 v2.0.2 Commands to change all sectional heading sty
les


LaTeX Warning: Command \underbar  has changed.
               Check if current package is valid.


LaTeX Warning: Command \underline  has changed.
               Check if current package is valid.

) (/usr/share/texlive/texmf-dist/tex/generic/ulem/ulem.sty
\UL@box=\box55
\UL@hyphenbox=\box56
\UL@skip=\skip49
\UL@hook=\toks23
\UL@height=\dimen154
\UL@pe=\count281
\UL@pixel=\dimen155
\ULC@box=\box57
Package: ulem 2019/11/18
\ULdepth=\dimen156
)
(/usr/share/texlive/texmf-dist/tex/latex/hyperref/hyperref.sty
Package: hyperref 2021-06-07 v7.00m Hypertext links for LaTeX

(/usr/share/texlive/texmf-dist/tex/generic/ltxcmds/ltxcmds.sty
Package: ltxcmds 2020-05-10 v1.25 LaTeX kernel commands for general use (HO)
)
(/usr/share/texlive/texmf-dist/tex/generic/pdftexcmds/pdftexcmds.sty
Package: pdftexcmds 2020-06-27 v0.33 Utility functions of pdfTeX for LuaTeX (HO
)

(/usr/share/texlive/texmf-dist/tex/generic/infwarerr/infwarerr.sty
Package: infwarerr 2019/12/03 v1.5 Providing info/warning/error messages (HO)
)
Package pdftexcmds Info: \pdf@primitive is available.
Package pdftexcmds Info: \pdf@ifprimitive is available.
Package pdftexcmds Info: \pdfdraftmode not found.
)
(/usr/share/texlive/texmf-dist/tex/generic/kvsetkeys/kvsetkeys.sty
Package: kvsetkeys 2019/12/15 v1.18 Key value parser (HO)
)
(/usr/share/texlive/texmf-dist/tex/generic/kvdefinekeys/kvdefinekeys.sty
Package: kvdefinekeys 2019-12-19 v1.6 Define keys (HO)
)
(/usr/share/texlive/texmf-dist/tex/generic/pdfescape/pdfescape.sty
Package: pdfescape 2019/12/09 v1.15 Implements pdfTeX's escape features (HO)
)
(/usr/share/texlive/texmf-dist/tex/latex/hycolor/hycolor.sty
Package: hycolor 2020-01-27 v1.10 Color options for hyperref/bookmark (HO)
)
(/usr/share/texlive/texmf-dist/tex/latex/letltxmacro/letltxmacro.sty
Package: letltxmacro 2019/12/03 v1.6 Let assignment for LaTeX macros (HO)
)
(/usr/share/texlive/texmf-dist/tex/latex/auxhook/auxhook.sty
Package: auxhook 2019-12-17 v1.6 Hooks for auxiliary files (HO)
)
(/usr/share/texlive/texmf-dist/tex/latex/kvoptions/kvoptions.sty
Package: kvoptions 2020-10-07 v3.14 Key value format for package options (HO)
)
\@linkdim=\dimen157
\Hy@linkcounter=\count282
\Hy@pagecounter=\count283

(/usr/share/texlive/texmf-dist/tex/latex/hyperref/pd1enc.def
File: pd1enc.def 2021-06-07 v7.00m Hyperref: PDFDocEncoding definition (HO)
)
(/usr/share/texlive/texmf-dist/tex/latex/hyperref/hyperref-langpatches.def
File: hyperref-langpatches.def 2021-06-07 v7.00m Hyperref: patches for babel la
nguages
)
(/usr/share/texlive/texmf-dist/tex/generic/intcalc/intcalc.sty
Package: intcalc 2019/12/15 v1.3 Expandable calculations with integers (HO)
)
(/usr/share/texlive/texmf-dist/tex/generic/etexcmds/etexcmds.sty
Package: etexcmds 2019/12/15 v1.7 Avoid name clashes with e-TeX commands (HO)
)
\Hy@SavedSpaceFactor=\count284

(/usr/share/texlive/texmf-dist/tex/latex/hyperref/puenc.def
File: puenc.def 2021-06-07 v7.00m Hyperref: PDF Unicode definition (HO)

(/usr/share/texlive/texmf-dist/tex/latex/hyperref/puenc-greekbasic.def
File: puenc-greekbasic.def 2021-06-07 v7.00m Hyperref: PDF Unicode definition (
greek block) (HO)
))
Package hyperref Info: Option `bookmarks' set `true' on input line 4073.
Package hyperref Info: Option `colorlinks' set `true' on input line 4073.
Package hyperref Info: Option `breaklinks' set `true' on input line 4073.


Package hyperref Warning: Token not allowed in a PDF string (Unicode):
(hyperref)                removing `\char' on input line 4073.

Package hyperref Info: Hyper figures OFF on input line 4192.
Package hyperref Info: Link nesting OFF on input line 4197.
Package hyperref Info: Hyper index ON on input line 4200.
Package hyperref Info: Plain pages OFF on input line 4207.
Package hyperref Info: Backreferencing OFF on input line 4212.
Package hyperref Info: Implicit mode ON; LaTeX internals redefined.
Package hyperref Info: Bookmarks ON on input line 4445.
\c@Hy@tempcnt=\count285
(/usr/share/texlive/texmf-dist/tex/latex/url/url.sty
\Urlmuskip=\muskip16
Package: url 2013/09/16  ver 3.4  Verb mode for urls, etc.
)
LaTeX Info: Redefining \url on input line 4804.
\XeTeXLinkMargin=\dimen158

(/usr/share/texlive/texmf-dist/tex/generic/bitset/bitset.sty
Package: bitset 2019/12/09 v1.3 Handle bit-vector datatype (HO)

(/usr/share/texlive/texmf-dist/tex/generic/bigintcalc/bigintcalc.sty
Package: bigintcalc 2019/12/15 v1.5 Expandable calculations on big integers (HO
)
))
\Fld@menulength=\count286
\Field@Width=\dimen159
\Fld@charsize=\dimen160
Package hyperref Info: Hyper figures OFF on input line 6076.
Package hyperref Info: Link nesting OFF on input line 6081.
Package hyperref Info: Hyper index ON on input line 6084.
Package hyperref Info: backreferencing OFF on input line 6091.
Package hyperref Info: Link coloring ON on input line 6094.
Package hyperref Info: Link coloring with OCG OFF on input line 6101.
Package hyperref Info: PDF/A mode OFF on input line 6106.
LaTeX Info: Redefining \ref on input line 6146.
LaTeX Info: Redefining \pageref on input line 6150.

(/usr/share/texlive/texmf-dist/tex/latex/base/atbegshi-ltx.sty
Package: atbegshi-ltx 2021/01/10 v1.0c Emulation of the original atbegshi
package with kernel methods
)
\Hy@abspage=\count287
\c@Item=\count288
\c@Hfootnote=\count289
)
Package hyperref Info: Driver (autodetected): hxetex.

(/usr/share/texlive/texmf-dist/tex/latex/hyperref/hxetex.def
File: hxetex.def 2021-06-07 v7.00m Hyperref driver for XeTeX

(/usr/share/texlive/texmf-dist/tex/generic/stringenc/stringenc.sty
Package: stringenc 2019/11/29 v1.12 Convert strings between diff. encodings (HO
)
)
\pdfm@box=\box58
\c@Hy@AnnotLevel=\count290
\HyField@AnnotCount=\count291
\Fld@listcount=\count292
\c@bookmark@seq@number=\count293

(/usr/share/texlive/texmf-dist/tex/latex/rerunfilecheck/rerunfilecheck.sty
Package: rerunfilecheck 2019/12/05 v1.9 Rerun checks for auxiliary files (HO)

(/usr/share/texlive/texmf-dist/tex/latex/base/atveryend-ltx.sty
Package: atveryend-ltx 2020/08/19 v1.0a Emulation of the original atveryend pac
kage
with kernel methods
)
(/usr/share/texlive/texmf-dist/tex/generic/uniquecounter/uniquecounter.sty
Package: uniquecounter 2019/12/15 v1.4 Provide unlimited unique counter (HO)
)
Package uniquecounter Info: New unique counter `rerunfilecheck' on input line 2
86.
)
\Hy@SectionHShift=\skip50
)
(/usr/share/texlive/texmf-dist/tex/latex/tools/multicol.sty
Package: multicol 2021/10/28 v1.9b multicolumn formatting (FMi)
\c@tracingmulticols=\count294
\mult@box=\box59
\multicol@leftmargin=\dimen161
\c@unbalance=\count295
\c@collectmore=\count296
\doublecol@number=\count297
\multicoltolerance=\count298
\multicolpretolerance=\count299
\full@width=\dimen162
\page@free=\dimen163
\premulticols=\dimen164
\postmulticols=\dimen165
\multicolsep=\skip51
\multicolbaselineskip=\skip52
\partial@page=\box60
\last@line=\box61
\maxbalancingoverflow=\dimen166
\mult@rightbox=\box62
\mult@grightbox=\box63
\mult@firstbox=\box64
\mult@gfirstbox=\box65
\@tempa=\box66
\@tempa=\box67
\@tempa=\box68
\@tempa=\box69
\@tempa=\box70
\@tempa=\box71
\@tempa=\box72
\@tempa=\box73
\@tempa=\box74
\@tempa=\box75
\@tempa=\box76
\@tempa=\box77
\@tempa=\box78
\@tempa=\box79
\@tempa=\box80
\@tempa=\box81
\@tempa=\box82
\@tempa=\box83
\@tempa=\box84
\@tempa=\box85
\@tempa=\box86
\@tempa=\box87
\@tempa=\box88
\@tempa=\box89
\@tempa=\box90
\@tempa=\box91
\@tempa=\box92
\@tempa=\box93
\@tempa=\box94
\@tempa=\box95
\@tempa=\box96
\@tempa=\box97
\@tempa=\box98
\@tempa=\box99
\@tempa=\box100
\@tempa=\box101
\c@minrows=\count300
\c@columnbadness=\count301
\c@finalcolumnbadness=\count302
\last@try=\dimen167
\multicolovershoot=\dimen168
\multicolundershoot=\dimen169
\mult@nat@firstbox=\box102
\colbreak@box=\box103
\mc@col@check@num=\count303
)
(/usr/share/texlive/texmf-dist/tex/latex/pgf/frontendlayer/tikz.sty
(/usr/share/texlive/texmf-dist/tex/latex/pgf/basiclayer/pgf.sty
(/usr/share/texlive/texmf-dist/tex/latex/pgf/utilities/pgfrcs.sty
(/usr/share/texlive/texmf-dist/tex/generic/pgf/utilities/pgfutil-common.tex
\pgfutil@everybye=\toks24
\pgfutil@tempdima=\dimen170
\pgfutil@tempdimb=\dimen171

(/usr/share/texlive/texmf-dist/tex/generic/pgf/utilities/pgfutil-common-lists.t
ex)) (/usr/share/texlive/texmf-dist/tex/generic/pgf/utilities/pgfutil-latex.def
\pgfutil@abb=\box104
) (/usr/share/texlive/texmf-dist/tex/generic/pgf/utilities/pgfrcs.code.tex
(/usr/share/texlive/texmf-dist/tex/generic/pgf/pgf.revision.tex)
Package: pgfrcs 2021/05/15 v3.1.9a (3.1.9a)
))
Package: pgf 2021/05/15 v3.1.9a (3.1.9a)

(/usr/share/texlive/texmf-dist/tex/latex/pgf/basiclayer/pgfcore.sty
(/usr/share/texlive/texmf-dist/tex/latex/pgf/systemlayer/pgfsys.sty
(/usr/share/texlive/texmf-dist/tex/generic/pgf/systemlayer/pgfsys.code.tex
Package: pgfsys 2021/05/15 v3.1.9a (3.1.9a)

(/usr/share/texlive/texmf-dist/tex/generic/pgf/utilities/pgfkeys.code.tex
\pgfkeys@pathtoks=\toks25
\pgfkeys@temptoks=\toks26

(/usr/share/texlive/texmf-dist/tex/generic/pgf/utilities/pgfkeysfiltered.code.t
ex
\pgfkeys@tmptoks=\toks27
))
\pgf@x=\dimen172
\pgf@y=\dimen173
\pgf@xa=\dimen174
\pgf@ya=\dimen175
\pgf@xb=\dimen176
\pgf@yb=\dimen177
\pgf@xc=\dimen178
\pgf@yc=\dimen179
\pgf@xd=\dimen180
\pgf@yd=\dimen181
\w@pgf@writea=\write3
\r@pgf@reada=\read3
\c@pgf@counta=\count304
\c@pgf@countb=\count305
\c@pgf@countc=\count306
\c@pgf@countd=\count307
\t@pgf@toka=\toks28
\t@pgf@tokb=\toks29
\t@pgf@tokc=\toks30
\pgf@sys@id@count=\count308
 (/usr/share/texlive/texmf-dist/tex/generic/pgf/systemlayer/pgf.cfg
File: pgf.cfg 2021/05/15 v3.1.9a (3.1.9a)
)
Driver file for pgf: pgfsys-xetex.def

(/usr/share/texlive/texmf-dist/tex/generic/pgf/systemlayer/pgfsys-xetex.def
File: pgfsys-xetex.def 2021/05/15 v3.1.9a (3.1.9a)

(/usr/share/texlive/texmf-dist/tex/generic/pgf/systemlayer/pgfsys-dvipdfmx.def
File: pgfsys-dvipdfmx.def 2021/05/15 v3.1.9a (3.1.9a)

(/usr/share/texlive/texmf-dist/tex/generic/pgf/systemlayer/pgfsys-common-pdf.de
f
File: pgfsys-common-pdf.def 2021/05/15 v3.1.9a (3.1.9a)
)
\pgfsys@objnum=\count309
)))
(/usr/share/texlive/texmf-dist/tex/generic/pgf/systemlayer/pgfsyssoftpath.code.
tex
File: pgfsyssoftpath.code.tex 2021/05/15 v3.1.9a (3.1.9a)
\pgfsyssoftpath@smallbuffer@items=\count310
\pgfsyssoftpath@bigbuffer@items=\count311
)
(/usr/share/texlive/texmf-dist/tex/generic/pgf/systemlayer/pgfsysprotocol.code.
tex
File: pgfsysprotocol.code.tex 2021/05/15 v3.1.9a (3.1.9a)
))
(/usr/share/texlive/texmf-dist/tex/generic/pgf/basiclayer/pgfcore.code.tex
Package: pgfcore 2021/05/15 v3.1.9a (3.1.9a)

(/usr/share/texlive/texmf-dist/tex/generic/pgf/math/pgfmath.code.tex
(/usr/share/texlive/texmf-dist/tex/generic/pgf/math/pgfmathcalc.code.tex
(/usr/share/texlive/texmf-dist/tex/generic/pgf/math/pgfmathutil.code.tex)
(/usr/share/texlive/texmf-dist/tex/generic/pgf/math/pgfmathparser.code.tex
\pgfmath@dimen=\dimen182
\pgfmath@count=\count312
\pgfmath@box=\box105
\pgfmath@toks=\toks31
\pgfmath@stack@operand=\toks32
\pgfmath@stack@operation=\toks33
)
(/usr/share/texlive/texmf-dist/tex/generic/pgf/math/pgfmathfunctions.code.tex
(/usr/share/texlive/texmf-dist/tex/generic/pgf/math/pgfmathfunctions.basic.code
.tex)
(/usr/share/texlive/texmf-dist/tex/generic/pgf/math/pgfmathfunctions.trigonomet
ric.code.tex)
(/usr/share/texlive/texmf-dist/tex/generic/pgf/math/pgfmathfunctions.random.cod
e.tex)
(/usr/share/texlive/texmf-dist/tex/generic/pgf/math/pgfmathfunctions.comparison
.code.tex)
(/usr/share/texlive/texmf-dist/tex/generic/pgf/math/pgfmathfunctions.base.code.
tex)
(/usr/share/texlive/texmf-dist/tex/generic/pgf/math/pgfmathfunctions.round.code
.tex)
(/usr/share/texlive/texmf-dist/tex/generic/pgf/math/pgfmathfunctions.misc.code.
tex)
(/usr/share/texlive/texmf-dist/tex/generic/pgf/math/pgfmathfunctions.integerari
thmetics.code.tex)))
(/usr/share/texlive/texmf-dist/tex/generic/pgf/math/pgfmathfloat.code.tex
\c@pgfmathroundto@lastzeros=\count313
))
(/usr/share/texlive/texmf-dist/tex/generic/pgf/math/pgfint.code.tex)
(/usr/share/texlive/texmf-dist/tex/generic/pgf/basiclayer/pgfcorepoints.code.te
x
File: pgfcorepoints.code.tex 2021/05/15 v3.1.9a (3.1.9a)
\pgf@picminx=\dimen183
\pgf@picmaxx=\dimen184
\pgf@picminy=\dimen185
\pgf@picmaxy=\dimen186
\pgf@pathminx=\dimen187
\pgf@pathmaxx=\dimen188
\pgf@pathminy=\dimen189
\pgf@pathmaxy=\dimen190
\pgf@xx=\dimen191
\pgf@xy=\dimen192
\pgf@yx=\dimen193
\pgf@yy=\dimen194
\pgf@zx=\dimen195
\pgf@zy=\dimen196
)
(/usr/share/texlive/texmf-dist/tex/generic/pgf/basiclayer/pgfcorepathconstruct.
code.tex
File: pgfcorepathconstruct.code.tex 2021/05/15 v3.1.9a (3.1.9a)
\pgf@path@lastx=\dimen197
\pgf@path@lasty=\dimen198
)
(/usr/share/texlive/texmf-dist/tex/generic/pgf/basiclayer/pgfcorepathusage.code
.tex
File: pgfcorepathusage.code.tex 2021/05/15 v3.1.9a (3.1.9a)
\pgf@shorten@end@additional=\dimen199
\pgf@shorten@start@additional=\dimen256
)
(/usr/share/texlive/texmf-dist/tex/generic/pgf/basiclayer/pgfcorescopes.code.te
x
File: pgfcorescopes.code.tex 2021/05/15 v3.1.9a (3.1.9a)
\pgfpic=\box106
\pgf@hbox=\box107
\pgf@layerbox@main=\box108
\pgf@picture@serial@count=\count314
)
(/usr/share/texlive/texmf-dist/tex/generic/pgf/basiclayer/pgfcoregraphicstate.c
ode.tex
File: pgfcoregraphicstate.code.tex 2021/05/15 v3.1.9a (3.1.9a)
\pgflinewidth=\dimen257
)
(/usr/share/texlive/texmf-dist/tex/generic/pgf/basiclayer/pgfcoretransformation
s.code.tex
File: pgfcoretransformations.code.tex 2021/05/15 v3.1.9a (3.1.9a)
\pgf@pt@x=\dimen258
\pgf@pt@y=\dimen259
\pgf@pt@temp=\dimen260
)
(/usr/share/texlive/texmf-dist/tex/generic/pgf/basiclayer/pgfcorequick.code.tex
File: pgfcorequick.code.tex 2021/05/15 v3.1.9a (3.1.9a)
)
(/usr/share/texlive/texmf-dist/tex/generic/pgf/basiclayer/pgfcoreobjects.code.t
ex
File: pgfcoreobjects.code.tex 2021/05/15 v3.1.9a (3.1.9a)
)
(/usr/share/texlive/texmf-dist/tex/generic/pgf/basiclayer/pgfcorepathprocessing
.code.tex
File: pgfcorepathprocessing.code.tex 2021/05/15 v3.1.9a (3.1.9a)
)
(/usr/share/texlive/texmf-dist/tex/generic/pgf/basiclayer/pgfcorearrows.code.te
x
File: pgfcorearrows.code.tex 2021/05/15 v3.1.9a (3.1.9a)
\pgfarrowsep=\dimen261
)
(/usr/share/texlive/texmf-dist/tex/generic/pgf/basiclayer/pgfcoreshade.code.tex
File: pgfcoreshade.code.tex 2021/05/15 v3.1.9a (3.1.9a)
\pgf@max=\dimen262
\pgf@sys@shading@range@num=\count315
\pgf@shadingcount=\count316
)
(/usr/share/texlive/texmf-dist/tex/generic/pgf/basiclayer/pgfcoreimage.code.tex
File: pgfcoreimage.code.tex 2021/05/15 v3.1.9a (3.1.9a)

(/usr/share/texlive/texmf-dist/tex/generic/pgf/basiclayer/pgfcoreexternal.code.
tex
File: pgfcoreexternal.code.tex 2021/05/15 v3.1.9a (3.1.9a)
\pgfexternal@startupbox=\box109
))
(/usr/share/texlive/texmf-dist/tex/generic/pgf/basiclayer/pgfcorelayers.code.te
x
File: pgfcorelayers.code.tex 2021/05/15 v3.1.9a (3.1.9a)
)
(/usr/share/texlive/texmf-dist/tex/generic/pgf/basiclayer/pgfcoretransparency.c
ode.tex
File: pgfcoretransparency.code.tex 2021/05/15 v3.1.9a (3.1.9a)
)
(/usr/share/texlive/texmf-dist/tex/generic/pgf/basiclayer/pgfcorepatterns.code.
tex
File: pgfcorepatterns.code.tex 2021/05/15 v3.1.9a (3.1.9a)
)
(/usr/share/texlive/texmf-dist/tex/generic/pgf/basiclayer/pgfcorerdf.code.tex
File: pgfcorerdf.code.tex 2021/05/15 v3.1.9a (3.1.9a)
)))
(/usr/share/texlive/texmf-dist/tex/generic/pgf/modules/pgfmoduleshapes.code.tex
File: pgfmoduleshapes.code.tex 2021/05/15 v3.1.9a (3.1.9a)
\pgfnodeparttextbox=\box110
) (/usr/share/texlive/texmf-dist/tex/generic/pgf/modules/pgfmoduleplot.code.tex
File: pgfmoduleplot.code.tex 2021/05/15 v3.1.9a (3.1.9a)
)
(/usr/share/texlive/texmf-dist/tex/latex/pgf/compatibility/pgfcomp-version-0-65
.sty
Package: pgfcomp-version-0-65 2021/05/15 v3.1.9a (3.1.9a)
\pgf@nodesepstart=\dimen263
\pgf@nodesepend=\dimen264
)
(/usr/share/texlive/texmf-dist/tex/latex/pgf/compatibility/pgfcomp-version-1-18
.sty
Package: pgfcomp-version-1-18 2021/05/15 v3.1.9a (3.1.9a)
)) (/usr/share/texlive/texmf-dist/tex/latex/pgf/utilities/pgffor.sty
(/usr/share/texlive/texmf-dist/tex/latex/pgf/utilities/pgfkeys.sty
(/usr/share/texlive/texmf-dist/tex/generic/pgf/utilities/pgfkeys.code.tex))
(/usr/share/texlive/texmf-dist/tex/latex/pgf/math/pgfmath.sty
(/usr/share/texlive/texmf-dist/tex/generic/pgf/math/pgfmath.code.tex))
(/usr/share/texlive/texmf-dist/tex/generic/pgf/utilities/pgffor.code.tex
Package: pgffor 2021/05/15 v3.1.9a (3.1.9a)

(/usr/share/texlive/texmf-dist/tex/generic/pgf/math/pgfmath.code.tex)
\pgffor@iter=\dimen265
\pgffor@skip=\dimen266
\pgffor@stack=\toks34
\pgffor@toks=\toks35
))
(/usr/share/texlive/texmf-dist/tex/generic/pgf/frontendlayer/tikz/tikz.code.tex
Package: tikz 2021/05/15 v3.1.9a (3.1.9a)

(/usr/share/texlive/texmf-dist/tex/generic/pgf/libraries/pgflibraryplothandlers
.code.tex
File: pgflibraryplothandlers.code.tex 2021/05/15 v3.1.9a (3.1.9a)
\pgf@plot@mark@count=\count317
\pgfplotmarksize=\dimen267
)
\tikz@lastx=\dimen268
\tikz@lasty=\dimen269
\tikz@lastxsaved=\dimen270
\tikz@lastysaved=\dimen271
\tikz@lastmovetox=\dimen272
\tikz@lastmovetoy=\dimen273
\tikzleveldistance=\dimen274
\tikzsiblingdistance=\dimen275
\tikz@figbox=\box111
\tikz@figbox@bg=\box112
\tikz@tempbox=\box113
\tikz@tempbox@bg=\box114
\tikztreelevel=\count318
\tikznumberofchildren=\count319
\tikznumberofcurrentchild=\count320
\tikz@fig@count=\count321

(/usr/share/texlive/texmf-dist/tex/generic/pgf/modules/pgfmodulematrix.code.tex
File: pgfmodulematrix.code.tex 2021/05/15 v3.1.9a (3.1.9a)
\pgfmatrixcurrentrow=\count322
\pgfmatrixcurrentcolumn=\count323
\pgf@matrix@numberofcolumns=\count324
)
\tikz@expandcount=\count325

(/usr/share/texlive/texmf-dist/tex/generic/pgf/frontendlayer/tikz/libraries/tik
zlibrarytopaths.code.tex
File: tikzlibrarytopaths.code.tex 2021/05/15 v3.1.9a (3.1.9a)
)))

LaTeX Warning: Unused global option(s):
    [letter].

(./cv-espanol.aux
LaTeX Info: Redefining \. on input line 25.
LaTeX Info: Redefining \% on input line 25.
)
\openout1 = `cv-espanol.aux'.

LaTeX Font Info:    Checking defaults for OML/cmm/m/it on input line 97.
LaTeX Font Info:    ... okay on input line 97.
LaTeX Font Info:    Checking defaults for OMS/cmsy/m/n on input line 97.
LaTeX Font Info:    ... okay on input line 97.
LaTeX Font Info:    Checking defaults for OT1/cmr/m/n on input line 97.
LaTeX Font Info:    ... okay on input line 97.
LaTeX Font Info:    Checking defaults for T1/cmr/m/n on input line 97.
LaTeX Font Info:    ... okay on input line 97.
LaTeX Font Info:    Checking defaults for TS1/cmr/m/n on input line 97.
LaTeX Font Info:    Trying to load font information for TS1+cmr on input line 9
7.
 (/usr/share/texlive/texmf-dist/tex/latex/base/ts1cmr.fd
File: ts1cmr.fd 2019/12/16 v2.5j Standard LaTeX font definitions
)
LaTeX Font Info:    ... okay on input line 97.
LaTeX Font Info:    Checking defaults for TU/lmr/m/n on input line 97.
LaTeX Font Info:    ... okay on input line 97.
LaTeX Font Info:    Checking defaults for OMX/cmex/m/n on input line 97.
LaTeX Font Info:    ... okay on input line 97.
LaTeX Font Info:    Checking defaults for U/cmr/m/n on input line 97.
LaTeX Font Info:    ... okay on input line 97.
LaTeX Font Info:    Checking defaults for T3/cmr/m/n on input line 97.
LaTeX Font Info:    Trying to load font information for T3+cmr on input line 97
.

(/usr/share/texmf/tex/latex/tipa/t3cmr.fd
File: t3cmr.fd 2001/12/31 TIPA font definitions
)
LaTeX Font Info:    ... okay on input line 97.
LaTeX Font Info:    Checking defaults for PD1/pdf/m/n on input line 97.
LaTeX Font Info:    ... okay on input line 97.
LaTeX Font Info:    Checking defaults for PU/pdf/m/n on input line 97.
LaTeX Font Info:    ... okay on input line 97.

Package fontspec Info: Adjusting the maths setup (use [no-math] to avoid
(fontspec)             this).

\symlegacymaths=\mathgroup4
LaTeX Font Info:    Overwriting symbol font `legacymaths' in version `bold'
(Font)                  OT1/cmr/m/n --> OT1/cmr/bx/n on input line 97.
LaTeX Font Info:    Redeclaring math accent \acute on input line 97.
LaTeX Font Info:    Redeclaring math accent \grave on input line 97.
LaTeX Font Info:    Redeclaring math accent \ddot on input line 97.
LaTeX Font Info:    Redeclaring math accent \tilde on input line 97.
LaTeX Font Info:    Redeclaring math accent \bar on input line 97.
LaTeX Font Info:    Redeclaring math accent \breve on input line 97.
LaTeX Font Info:    Redeclaring math accent \check on input line 97.
LaTeX Font Info:    Redeclaring math accent \hat on input line 97.
LaTeX Font Info:    Redeclaring math accent \dot on input line 97.
LaTeX Font Info:    Redeclaring math accent \mathring on input line 97.
LaTeX Font Info:    Redeclaring math symbol \colon on input line 97.
LaTeX Font Info:    Redeclaring math symbol \Gamma on input line 97.
LaTeX Font Info:    Redeclaring math symbol \Delta on input line 97.
LaTeX Font Info:    Redeclaring math symbol \Theta on input line 97.
LaTeX Font Info:    Redeclaring math symbol \Lambda on input line 97.
LaTeX Font Info:    Redeclaring math symbol \Xi on input line 97.
LaTeX Font Info:    Redeclaring math symbol \Pi on input line 97.
LaTeX Font Info:    Redeclaring math symbol \Sigma on input line 97.
LaTeX Font Info:    Redeclaring math symbol \Upsilon on input line 97.
LaTeX Font Info:    Redeclaring math symbol \Phi on input line 97.
LaTeX Font Info:    Redeclaring math symbol \Psi on input line 97.
LaTeX Font Info:    Redeclaring math symbol \Omega on input line 97.
LaTeX Font Info:    Redeclaring math symbol \mathdollar on input line 97.
LaTeX Font Info:    Redeclaring symbol font `operators' on input line 97.
LaTeX Font Info:    Encoding `OT1' has changed to `TU' for symbol font
(Font)              `operators' in the math version `normal' on input line 97.
LaTeX Font Info:    Overwriting symbol font `operators' in version `normal'
(Font)                  OT1/cmr/m/n --> TU/LinLibertine_R.otf(0)/m/n on input l
ine 97.
LaTeX Font Info:    Encoding `OT1' has changed to `TU' for symbol font
(Font)              `operators' in the math version `bold' on input line 97.
LaTeX Font Info:    Overwriting symbol font `operators' in version `bold'
(Font)                  OT1/cmr/bx/n --> TU/LinLibertine_R.otf(0)/m/n on input 
line 97.
LaTeX Font Info:    Overwriting symbol font `operators' in version `normal'
(Font)                  TU/LinLibertine_R.otf(0)/m/n --> TU/LinLibertine_R.otf(
0)/m/n on input line 97.
LaTeX Font Info:    Overwriting math alphabet `\mathit' in version `normal'
(Font)                  OT1/cmr/m/it --> TU/LinLibertine_R.otf(0)/m/it on input
 line 97.
LaTeX Font Info:    Overwriting math alphabet `\mathbf' in version `normal'
(Font)                  OT1/cmr/bx/n --> TU/LinLibertine_R.otf(0)/b/n on input 
line 97.
LaTeX Font Info:    Overwriting math alphabet `\mathsf' in version `normal'
(Font)                  OT1/cmss/m/n --> TU/LatinModernSans(0)/m/n on input lin
e 97.
LaTeX Font Info:    Overwriting math alphabet `\mathtt' in version `normal'
(Font)                  OT1/cmtt/m/n --> TU/DejaVuSansMono.ttf(0)/m/n on input 
line 97.
LaTeX Font Info:    Overwriting symbol font `operators' in version `bold'
(Font)                  TU/LinLibertine_R.otf(0)/m/n --> TU/LinLibertine_R.otf(
0)/b/n on input line 97.
LaTeX Font Info:    Overwriting math alphabet `\mathit' in version `bold'
(Font)                  OT1/cmr/bx/it --> TU/LinLibertine_R.otf(0)/b/it on inpu
t line 97.
LaTeX Font Info:    Overwriting math alphabet `\mathsf' in version `bold'
(Font)                  OT1/cmss/bx/n --> TU/LatinModernSans(0)/b/n on input li
ne 97.
LaTeX Font Info:    Overwriting math alphabet `\mathtt' in version `bold'
(Font)                  OT1/cmtt/m/n --> TU/DejaVuSansMono.ttf(0)/b/n on input 
line 97.

*geometry* driver: auto-detecting
*geometry* detected driver: xetex
*geometry* verbose mode - [ preamble ] result:
* driver: xetex
* paper: a4paper
* layout: <same size as paper>
* layoutoffset:(h,v)=(0.0pt,0.0pt)
* modes: 
* h-part:(L,W,R)=(100.01144pt, 397.48499pt, 100.01144pt)
* v-part:(T,H,B)=(92.30072pt, 614.295pt, 138.45113pt)
* \paperwidth=597.50787pt
* \paperheight=845.04684pt
* \textwidth=397.48499pt
* \textheight=614.295pt
* \oddsidemargin=27.74146pt
* \evensidemargin=27.74146pt
* \topmargin=-16.96927pt
* \headheight=12.0pt
* \headsep=25.0pt
* \topskip=11.0pt
* \footskip=30.0pt
* \marginparwidth=43.36243pt
* \marginparsep=7.0pt
* \columnsep=10.0pt
* \skip\footins=10.0pt plus 4.0pt minus 2.0pt
* \hoffset=0.0pt
* \voffset=0.0pt
* \mag=1000
* \@twocolumnfalse
* \@twosidefalse
* \@mparswitchfalse
* \@reversemargintrue
* (1in=72.27pt=25.4mm, 1cm=28.453pt)

LaTeX Info: Redefining \. on input line 97.
LaTeX Info: Redefining \% on input line 97.
Package hyperref Info: Link coloring ON on input line 97.
(/usr/share/texlive/texmf-dist/tex/latex/hyperref/nameref.sty
Package: nameref 2021-04-02 v2.47 Cross-referencing by name of section

(/usr/share/texlive/texmf-dist/tex/latex/refcount/refcount.sty
Package: refcount 2019/12/15 v3.6 Data extraction from label references (HO)
)
(/usr/share/texlive/texmf-dist/tex/generic/gettitlestring/gettitlestring.sty
Package: gettitlestring 2019/12/15 v1.6 Cleanup title references (HO)
)
\c@section@level=\count326
)
LaTeX Info: Redefining \ref on input line 97.
LaTeX Info: Redefining \pageref on input line 97.
LaTeX Info: Redefining \nameref on input line 97.

(./cv-espanol.out) (./cv-espanol.out)
\@outlinefile=\write4
\openout4 = `cv-espanol.out'.


Underfull \hbox (badness 10000) in paragraph at lines 99--103

 []

File: yo.png Graphic file (type bmp)
<yo.png>
LaTeX Font Info:    External font `cmex10' loaded for size
(Font)              <10.95> on input line 109.
LaTeX Font Info:    External font `cmex10' loaded for size
(Font)              <8> on input line 109.
LaTeX Font Info:    External font `cmex10' loaded for size
(Font)              <6> on input line 109.
LaTeX Font Info:    Font shape `TU/DejaVuSansMono.ttf(0)/m/n' will be
(Font)              scaled to size 8.76003pt on input line 112.

Overfull \hbox (42.22993pt too wide) in paragraph at lines 117--118
[][][]\TU/LinLibertine_R.otf(0)/m/n/10.95 gerardo.mmc@enesmerida.unam.mx[][] 
 []

Package marginnote Info: Margin note 1.1 is on absolute page 1 on input line 13
2.
Package marginnote Info: right page because not two side mode on input line 132
.
Package marginnote Info: xpos seems to be 100.01144pt on input line 132.

Underfull \hbox (badness 10000) in paragraph at lines 132--134

 []

Package marginnote Info: Margin note 1.2 is on absolute page 1 on input line 13
5.
Package marginnote Info: right page because not two side mode on input line 135
.
Package marginnote Info: xpos seems to be 100.01144pt on input line 135.

Underfull \hbox (badness 10000) in paragraph at lines 135--137

 []

Package marginnote Info: Margin note 1.3 is on absolute page 1 on input line 13
8.
Package marginnote Info: right page because not two side mode on input line 138
.
Package marginnote Info: xpos seems to be 100.01144pt on input line 138.

Underfull \hbox (badness 10000) in paragraph at lines 138--139

 []

[1

]
Package marginnote Info: Margin note 2.1 is on absolute page 2 on input line 14
0.
Package marginnote Info: right page because not two side mode on input line 140
.
Package marginnote Info: xpos seems to be 100.01144pt on input line 140.

Underfull \hbox (badness 10000) in paragraph at lines 140--141

 []

Package marginnote Info: Margin note 2.2 is on absolute page 2 on input line 14
4.
Package marginnote Info: right page because not two side mode on input line 144
.
Package marginnote Info: xpos seems to be 100.01144pt on input line 144.
Package marginnote Info: Margin note 2.3 is on absolute page 2 on input line 14
6.
Package marginnote Info: right page because not two side mode on input line 146
.
Package marginnote Info: xpos seems to be 100.01144pt on input line 146.

Package fontspec Info: Font family 'LinLibertine_R.otf(1)' created for font
(fontspec)             'LinLibertine_R.otf' with options
(fontspec)             [Mapping=tex-text,Ligatures=TeX,Ligatures={Common},Numbe
rs={OldStyle},Variant=01,BoldFont=LinLibertine_RB.otf,ItalicFont=LinLibertine_R
I.otf,BoldItalicFont=LinLibertine_RBI.otf,VerticalPosition=Superior].
(fontspec)              
(fontspec)              This font family consists of the following NFSS
(fontspec)             series/shapes:
(fontspec)              
(fontspec)             - 'normal' (m/n) with NFSS spec.:
(fontspec)             <->"[LinLibertine_R.otf]/OT:script=latn;language=dflt;+l
iga;+onum;+ss01;+sups;mapping=tex-text;"
(fontspec)             - 'small caps'  (m/sc) with NFSS spec.:
(fontspec)             <->"[LinLibertine_R.otf]/OT:script=latn;language=dflt;+l
iga;+onum;+ss01;+sups;+smcp;mapping=tex-text;"
(fontspec)             - 'bold' (b/n) with NFSS spec.:
(fontspec)             <->"[LinLibertine_RB.otf]/OT:script=latn;language=dflt;+
liga;+onum;+ss01;+sups;mapping=tex-text;"
(fontspec)             - 'bold small caps'  (b/sc) with NFSS spec.:
(fontspec)             <->"[LinLibertine_RB.otf]/OT:script=latn;language=dflt;+
liga;+onum;+ss01;+sups;+smcp;mapping=tex-text;"
(fontspec)             - 'italic' (m/it) with NFSS spec.:
(fontspec)             <->"[LinLibertine_RI.otf]/OT:script=latn;language=dflt;+
liga;+onum;+ss01;+sups;mapping=tex-text;"
(fontspec)             - 'italic small caps'  (m/scit) with NFSS spec.:
(fontspec)             <->"[LinLibertine_RI.otf]/OT:script=latn;language=dflt;+
liga;+onum;+ss01;+sups;+smcp;mapping=tex-text;"
(fontspec)             - 'bold italic' (b/it) with NFSS spec.:
(fontspec)             <->"[LinLibertine_RBI.otf]/OT:script=latn;language=dflt;
+liga;+onum;+ss01;+sups;mapping=tex-text;"
(fontspec)             - 'bold italic small caps'  (b/scit) with NFSS spec.:
(fontspec)             <->"[LinLibertine_RBI.otf]/OT:script=latn;language=dflt;
+liga;+onum;+ss01;+sups;+smcp;mapping=tex-text;"

LaTeX Font Info:    Font shape `TU/DejaVuSansMono.ttf(0)/m/n' will be
(Font)              scaled to size 7.20003pt on input line 146.
LaTeX Font Info:    External font `cmex10' loaded for size
(Font)              <9> on input line 146.
LaTeX Font Info:    External font `cmex10' loaded for size
(Font)              <5> on input line 146.

Overfull \hbox (12.2494pt too wide) in paragraph at lines 149--150
[]\TU/LinLibertine_R.otf(0)/m/n/10.95 Nichos ecológicos fundamentales: supuesto
s estadísticos y alternativas geo-estadísticas
 []

Package marginnote Info: Margin note 2.4 is on absolute page 2 on input line 15
2.
Package marginnote Info: right page because not two side mode on input line 152
.
Package marginnote Info: xpos seems to be 100.01144pt on input line 152.
Package marginnote Info: Margin note 2.5 is on absolute page 2 on input line 15
8.
Package marginnote Info: right page because not two side mode on input line 158
.
Package marginnote Info: xpos seems to be 100.01144pt on input line 158.

Underfull \hbox (badness 10000) in paragraph at lines 158--159

 []

Package marginnote Info: Margin note 2.6 is on absolute page 2 on input line 16
0.
Package marginnote Info: right page because not two side mode on input line 160
.
Package marginnote Info: xpos seems to be 100.01144pt on input line 160.

Underfull \hbox (badness 10000) in paragraph at lines 160--161

 []

Package marginnote Info: Margin note 2.7 is on absolute page 2 on input line 16
2.
Package marginnote Info: right page because not two side mode on input line 162
.
Package marginnote Info: xpos seems to be 100.01144pt on input line 162.

Underfull \hbox (badness 10000) in paragraph at lines 162--163

 []

Package marginnote Info: Margin note 2.8 is on absolute page 2 on input line 16
4.
Package marginnote Info: right page because not two side mode on input line 164
.
Package marginnote Info: xpos seems to be 100.01144pt on input line 164.

Underfull \hbox (badness 10000) in paragraph at lines 164--165

 []

Package marginnote Info: Margin note 2.9 is on absolute page 2 on input line 16
6.
Package marginnote Info: right page because not two side mode on input line 166
.
Package marginnote Info: xpos seems to be 100.01144pt on input line 166.

Underfull \hbox (badness 10000) in paragraph at lines 166--167

 []

Package marginnote Info: Margin note 2.10 is on absolute page 2 on input line 1
68.
Package marginnote Info: right page because not two side mode on input line 168
.
Package marginnote Info: xpos seems to be 100.01144pt on input line 168.

Underfull \hbox (badness 10000) in paragraph at lines 168--169

 []

Package marginnote Info: Margin note 2.11 is on absolute page 3 on input line 1
70.
Package marginnote Info: right page because not two side mode on input line 170
.
Package marginnote Info: xpos seems to be 100.01144pt on input line 170.

Underfull \hbox (badness 10000) in paragraph at lines 170--171

 []

[2]
Package marginnote Info: Margin note 3.1 is on absolute page 3 on input line 17
6.
Package marginnote Info: right page because not two side mode on input line 176
.
Package marginnote Info: xpos seems to be 100.01144pt on input line 176.

Overfull \hbox (1.13431pt too wide) in paragraph at lines 176--177
[]\TU/LinLibertine_R.otf(0)/m/n/10.95 Modelado y Análisis Espacial. Licenciatur
a en Ciencias Ambientales. ENES Mérida, UNAM. 
 []


Underfull \hbox (badness 10000) in paragraph at lines 176--177

 []

Package marginnote Info: Margin note 3.2 is on absolute page 3 on input line 17
8.
Package marginnote Info: right page because not two side mode on input line 178
.
Package marginnote Info: xpos seems to be 100.01144pt on input line 178.

Underfull \hbox (badness 10000) in paragraph at lines 178--179

 []

Package marginnote Info: Margin note 3.3 is on absolute page 3 on input line 18
0.
Package marginnote Info: right page because not two side mode on input line 180
.
Package marginnote Info: xpos seems to be 100.01144pt on input line 180.

Underfull \hbox (badness 10000) in paragraph at lines 180--181

 []

Package marginnote Info: Margin note 3.4 is on absolute page 3 on input line 18
2.
Package marginnote Info: right page because not two side mode on input line 182
.
Package marginnote Info: xpos seems to be 100.01144pt on input line 182.

Underfull \hbox (badness 10000) in paragraph at lines 182--183

 []

Package marginnote Info: Margin note 3.5 is on absolute page 3 on input line 18
4.
Package marginnote Info: right page because not two side mode on input line 184
.
Package marginnote Info: xpos seems to be 100.01144pt on input line 184.

Underfull \hbox (badness 10000) in paragraph at lines 184--185

 []

Package marginnote Info: Margin note 3.6 is on absolute page 3 on input line 18
6.
Package marginnote Info: right page because not two side mode on input line 186
.
Package marginnote Info: xpos seems to be 100.01144pt on input line 186.

Underfull \hbox (badness 10000) in paragraph at lines 186--187

 []

Package marginnote Info: Margin note 3.7 is on absolute page 3 on input line 18
8.
Package marginnote Info: right page because not two side mode on input line 188
.
Package marginnote Info: xpos seems to be 100.01144pt on input line 188.

Underfull \hbox (badness 10000) in paragraph at lines 188--189

 []

Package marginnote Info: Margin note 3.8 is on absolute page 3 on input line 19
0.
Package marginnote Info: right page because not two side mode on input line 190
.
Package marginnote Info: xpos seems to be 100.01144pt on input line 190.
Package marginnote Info: Margin note 3.9 is on absolute page 3 on input line 19
5.
Package marginnote Info: right page because not two side mode on input line 195
.
Package marginnote Info: xpos seems to be 102.57195pt on input line 195.

Underfull \hbox (badness 10000) in paragraph at lines 194--196

 []

Package marginnote Info: Margin note 3.10 is on absolute page 3 on input line 1
97.
Package marginnote Info: right page because not two side mode on input line 197
.
Package marginnote Info: xpos seems to be 100.01144pt on input line 197.

Underfull \hbox (badness 10000) in paragraph at lines 197--198

 []

Package marginnote Info: Margin note 3.11 is on absolute page 3 on input line 1
99.
Package marginnote Info: right page because not two side mode on input line 199
.
Package marginnote Info: xpos seems to be 100.01144pt on input line 199.

Underfull \hbox (badness 10000) in paragraph at lines 199--200

 []

Package marginnote Info: Margin note 3.12 is on absolute page 4 on input line 2
05.
Package marginnote Info: right page because not two side mode on input line 205
.
Package marginnote Info: xpos seems to be 100.01144pt on input line 205.
[3]
Underfull \hbox (badness 10000) in paragraph at lines 205--206

 []

Package marginnote Info: Margin note 4.1 is on absolute page 4 on input line 20
7.
Package marginnote Info: right page because not two side mode on input line 207
.
Package marginnote Info: xpos seems to be 100.01144pt on input line 207.

Underfull \hbox (badness 10000) in paragraph at lines 207--208

 []

Package marginnote Info: Margin note 4.2 is on absolute page 4 on input line 20
9.
Package marginnote Info: right page because not two side mode on input line 209
.
Package marginnote Info: xpos seems to be 100.01144pt on input line 209.

Underfull \hbox (badness 10000) in paragraph at lines 209--210

 []

Package marginnote Info: Margin note 4.3 is on absolute page 4 on input line 21
1.
Package marginnote Info: right page because not two side mode on input line 211
.
Package marginnote Info: xpos seems to be 100.01144pt on input line 211.

Underfull \hbox (badness 10000) in paragraph at lines 211--212

 []

Package marginnote Info: Margin note 4.4 is on absolute page 4 on input line 21
3.
Package marginnote Info: right page because not two side mode on input line 213
.
Package marginnote Info: xpos seems to be 100.01144pt on input line 213.

Underfull \hbox (badness 10000) in paragraph at lines 213--214

 []

Package marginnote Info: Margin note 4.5 is on absolute page 4 on input line 21
5.
Package marginnote Info: right page because not two side mode on input line 215
.
Package marginnote Info: xpos seems to be 100.01144pt on input line 215.

Underfull \hbox (badness 10000) in paragraph at lines 215--216

 []

Package marginnote Info: Margin note 4.6 is on absolute page 4 on input line 21
7.
Package marginnote Info: right page because not two side mode on input line 217
.
Package marginnote Info: xpos seems to be 100.01144pt on input line 217.

Underfull \hbox (badness 10000) in paragraph at lines 217--218

 []

Package marginnote Info: Margin note 4.7 is on absolute page 4 on input line 21
9.
Package marginnote Info: right page because not two side mode on input line 219
.
Package marginnote Info: xpos seems to be 100.01144pt on input line 219.

Overfull \hbox (13.99112pt too wide) in paragraph at lines 219--220
\TU/LinLibertine_R.otf(0)/m/n/10.95 eISSN: 1365-2664. [][]$[][][][][] [] [] [] 
[][][] [] [][][] [] [][] [] [][][][] [] [][][][][][][][][][] [] [][][][][]$[][]
. [][]Nominado al premio South-
 []


Underfull \hbox (badness 10000) in paragraph at lines 219--220

 []

Package marginnote Info: Margin note 4.8 is on absolute page 5 on input line 22
1.
Package marginnote Info: right page because not two side mode on input line 221
.
Package marginnote Info: xpos seems to be 100.01144pt on input line 221.
[4]
Overfull \hbox (14.0352pt too wide) in paragraph at lines 221--222
\TU/LinLibertine_R.otf(0)/b/n/10.95 snakebite\TU/LinLibertine_R.otf(0)/m/n/10.9
5 . \TU/LinLibertine_R.otf(0)/m/it/10.95 The Lancet\TU/LinLibertine_R.otf(0)/m/
n/10.95 . (19) 325. ISSN: 01406736. [][]$[][][][][] [] [] [] [][][] [] [][][] [
] [][] [] [][][][] [] [][][][][][][][][][][][][][] []
 []


Underfull \hbox (badness 10000) in paragraph at lines 221--222

 []

Package marginnote Info: Margin note 5.1 is on absolute page 5 on input line 22
3.
Package marginnote Info: right page because not two side mode on input line 223
.
Package marginnote Info: xpos seems to be 100.01144pt on input line 223.

Underfull \hbox (badness 10000) in paragraph at lines 223--224

 []

Package marginnote Info: Margin note 5.2 is on absolute page 5 on input line 22
5.
Package marginnote Info: right page because not two side mode on input line 225
.
Package marginnote Info: xpos seems to be 100.01144pt on input line 225.

Underfull \hbox (badness 10000) in paragraph at lines 225--226

 []

Package marginnote Info: Margin note 5.3 is on absolute page 5 on input line 22
7.
Package marginnote Info: right page because not two side mode on input line 227
.
Package marginnote Info: xpos seems to be 100.01144pt on input line 227.

Overfull \hbox (10.14705pt too wide) in paragraph at lines 227--228
\TU/LinLibertine_R.otf(0)/m/n/10.95 526–542. ISSN: 16129202. eISSN: 16129210. [
][]$[][][][][] [] [] [] [][][] [] [][][] [] [][] [] [][][][] [] [][][][][][][][
][][][][][][][][][][][][]$[][]. 
 []


Underfull \hbox (badness 10000) in paragraph at lines 227--228

 []

Package marginnote Info: Margin note 5.4 is on absolute page 5 on input line 22
9.
Package marginnote Info: right page because not two side mode on input line 229
.
Package marginnote Info: xpos seems to be 100.01144pt on input line 229.

Underfull \hbox (badness 10000) in paragraph at lines 229--230

 []

Package marginnote Info: Margin note 5.5 is on absolute page 5 on input line 23
1.
Package marginnote Info: right page because not two side mode on input line 231
.
Package marginnote Info: xpos seems to be 100.01144pt on input line 231.

Underfull \hbox (badness 10000) in paragraph at lines 231--232

 []

Package marginnote Info: Margin note 5.6 is on absolute page 5 on input line 23
3.
Package marginnote Info: right page because not two side mode on input line 233
.
Package marginnote Info: xpos seems to be 100.01144pt on input line 233.

Overfull \hbox (30.58705pt too wide) in paragraph at lines 233--234
\TU/LinLibertine_R.otf(0)/m/it/10.95 Microbial ecology\TU/LinLibertine_R.otf(0)
/m/n/10.95 . 74: 106–115. ISSN: 1432184X. [][]$[][][][][] [] [] [] [][][] [] []
[][] [] [][] [] [][][][] [] [][][][][][][][][][][][][][][][][][][][]$[][]. 
 []


Underfull \hbox (badness 10000) in paragraph at lines 233--234

 []

Package marginnote Info: Margin note 5.7 is on absolute page 5 on input line 23
5.
Package marginnote Info: right page because not two side mode on input line 235
.
Package marginnote Info: xpos seems to be 100.01144pt on input line 235.

Underfull \hbox (badness 10000) in paragraph at lines 235--236

 []

Package marginnote Info: Margin note 5.8 is on absolute page 5 on input line 23
7.
Package marginnote Info: right page because not two side mode on input line 237
.
Package marginnote Info: xpos seems to be 100.01144pt on input line 237.

Underfull \hbox (badness 10000) in paragraph at lines 237--238

 []

[5]
Package marginnote Info: Margin note 6.1 is on absolute page 6 on input line 23
9.
Package marginnote Info: right page because not two side mode on input line 239
.
Package marginnote Info: xpos seems to be 100.01144pt on input line 239.

Underfull \hbox (badness 10000) in paragraph at lines 239--240

 []

Package marginnote Info: Margin note 6.2 is on absolute page 6 on input line 24
1.
Package marginnote Info: right page because not two side mode on input line 241
.
Package marginnote Info: xpos seems to be 100.01144pt on input line 241.

Underfull \hbox (badness 10000) in paragraph at lines 241--242

 []

Package marginnote Info: Margin note 6.3 is on absolute page 6 on input line 24
3.
Package marginnote Info: right page because not two side mode on input line 243
.
Package marginnote Info: xpos seems to be 100.01144pt on input line 243.

Underfull \hbox (badness 10000) in paragraph at lines 243--244

 []

Package marginnote Info: Margin note 6.4 is on absolute page 6 on input line 24
7.
Package marginnote Info: right page because not two side mode on input line 247
.
Package marginnote Info: xpos seems to be 100.01144pt on input line 247.

Underfull \hbox (badness 10000) in paragraph at lines 247--248

 []

Package marginnote Info: Margin note 6.5 is on absolute page 6 on input line 24
9.
Package marginnote Info: right page because not two side mode on input line 249
.
Package marginnote Info: xpos seems to be 100.01144pt on input line 249.

Underfull \hbox (badness 10000) in paragraph at lines 249--250

 []

Package marginnote Info: Margin note 6.6 is on absolute page 6 on input line 25
3.
Package marginnote Info: right page because not two side mode on input line 253
.
Package marginnote Info: xpos seems to be 100.01144pt on input line 253.

Underfull \hbox (badness 10000) in paragraph at lines 253--254

 []

Package marginnote Info: Margin note 6.7 is on absolute page 6 on input line 25
5.
Package marginnote Info: right page because not two side mode on input line 255
.
Package marginnote Info: xpos seems to be 100.01144pt on input line 255.

Underfull \hbox (badness 10000) in paragraph at lines 255--256

 []


Underfull \hbox (badness 10000) in paragraph at lines 261--262

 []


Underfull \hbox (badness 10000) in paragraph at lines 263--264

 []

[6]
Package marginnote Info: Margin note 7.1 is on absolute page 7 on input line 26
9.
Package marginnote Info: right page because not two side mode on input line 269
.
Package marginnote Info: xpos seems to be 100.01144pt on input line 269.

Overfull \hbox (5.76337pt too wide) in paragraph at lines 269--270
[]\TU/LinLibertine_R.otf(0)/m/n/10.95 Gerardo Martín. \TU/LinLibertine_R.otf(0)
/b/n/10.95 Integrating snake distribution, abundance and expert-derived beha-
 []


Underfull \hbox (badness 10000) in paragraph at lines 269--270

 []

Package marginnote Info: Margin note 7.2 is on absolute page 7 on input line 27
1.
Package marginnote Info: right page because not two side mode on input line 271
.
Package marginnote Info: xpos seems to be 100.01144pt on input line 271.

Underfull \hbox (badness 10000) in paragraph at lines 271--272

 []

Package marginnote Info: Margin note 7.3 is on absolute page 7 on input line 27
3.
Package marginnote Info: right page because not two side mode on input line 273
.
Package marginnote Info: xpos seems to be 100.01144pt on input line 273.
Package marginnote Info: Margin note 7.4 is on absolute page 7 on input line 27
8.
Package marginnote Info: right page because not two side mode on input line 278
.
Package marginnote Info: xpos seems to be 100.01144pt on input line 278.

Underfull \hbox (badness 10000) in paragraph at lines 278--279

 []

Package marginnote Info: Margin note 7.5 is on absolute page 7 on input line 28
0.
Package marginnote Info: right page because not two side mode on input line 280
.
Package marginnote Info: xpos seems to be 100.01144pt on input line 280.

Underfull \hbox (badness 10000) in paragraph at lines 280--281

 []

Package marginnote Info: Margin note 7.6 is on absolute page 7 on input line 28
2.
Package marginnote Info: right page because not two side mode on input line 282
.
Package marginnote Info: xpos seems to be 100.01144pt on input line 282.

Underfull \hbox (badness 10000) in paragraph at lines 282--283

 []

Package marginnote Info: Margin note 7.7 is on absolute page 7 on input line 28
4.
Package marginnote Info: right page because not two side mode on input line 284
.
Package marginnote Info: xpos seems to be 100.01144pt on input line 284.

Underfull \hbox (badness 10000) in paragraph at lines 284--285

 []

Package marginnote Info: Margin note 7.8 is on absolute page 7 on input line 28
6.
Package marginnote Info: right page because not two side mode on input line 286
.
Package marginnote Info: xpos seems to be 100.01144pt on input line 286.

Underfull \hbox (badness 10000) in paragraph at lines 286--287

 []

Package marginnote Info: Margin note 7.9 is on absolute page 7 on input line 28
8.
Package marginnote Info: right page because not two side mode on input line 288
.
Package marginnote Info: xpos seems to be 100.01144pt on input line 288.

Overfull \hbox (4.61003pt too wide) in paragraph at lines 288--289
[]\TU/LinLibertine_R.otf(0)/m/n/10.95 One Health Symposium. Division of Tropica
l Health and Medicine, College of Public Health,
 []


Underfull \hbox (badness 10000) in paragraph at lines 288--289

 []

Package marginnote Info: Margin note 7.10 is on absolute page 7 on input line 2
90.
Package marginnote Info: right page because not two side mode on input line 290
.
Package marginnote Info: xpos seems to be 100.01144pt on input line 290.

Underfull \hbox (badness 10000) in paragraph at lines 290--291

 []

Package marginnote Info: Margin note 7.11 is on absolute page 7 on input line 2
92.
Package marginnote Info: right page because not two side mode on input line 292
.
Package marginnote Info: xpos seems to be 100.01144pt on input line 292.

Underfull \hbox (badness 10000) in paragraph at lines 292--293

 []

Package marginnote Info: Margin note 7.12 is on absolute page 8 on input line 2
94.
Package marginnote Info: right page because not two side mode on input line 294
.
Package marginnote Info: xpos seems to be 100.01144pt on input line 294.
[7]
Underfull \hbox (badness 10000) in paragraph at lines 294--295

 []

Package marginnote Info: Margin note 8.1 is on absolute page 8 on input line 29
6.
Package marginnote Info: right page because not two side mode on input line 296
.
Package marginnote Info: xpos seems to be 100.01144pt on input line 296.

Underfull \hbox (badness 10000) in paragraph at lines 296--297

 []

Package marginnote Info: Margin note 8.2 is on absolute page 8 on input line 29
8.
Package marginnote Info: right page because not two side mode on input line 298
.
Package marginnote Info: xpos seems to be 100.01144pt on input line 298.

Underfull \hbox (badness 10000) in paragraph at lines 298--299

 []

Package marginnote Info: Margin note 8.3 is on absolute page 8 on input line 30
0.
Package marginnote Info: right page because not two side mode on input line 300
.
Package marginnote Info: xpos seems to be 100.01144pt on input line 300.

Underfull \hbox (badness 10000) in paragraph at lines 300--302

 []

Package marginnote Info: Margin note 8.4 is on absolute page 8 on input line 30
3.
Package marginnote Info: right page because not two side mode on input line 303
.
Package marginnote Info: xpos seems to be 100.01144pt on input line 303.

Underfull \hbox (badness 10000) in paragraph at lines 303--304

 []

Package marginnote Info: Margin note 8.5 is on absolute page 8 on input line 30
9.
Package marginnote Info: right page because not two side mode on input line 309
.
Package marginnote Info: xpos seems to be 100.01144pt on input line 309.
Package marginnote Info: Margin note 8.6 is on absolute page 8 on input line 31
3.
Package marginnote Info: right page because not two side mode on input line 313
.
Package marginnote Info: xpos seems to be 100.01144pt on input line 313.

Underfull \hbox (badness 10000) in paragraph at lines 313--314

 []

Package marginnote Info: Margin note 8.7 is on absolute page 8 on input line 31
5.
Package marginnote Info: right page because not two side mode on input line 315
.
Package marginnote Info: xpos seems to be 100.01144pt on input line 315.

Underfull \hbox (badness 10000) in paragraph at lines 315--316

 []

Package marginnote Info: Margin note 8.8 is on absolute page 8 on input line 31
7.
Package marginnote Info: right page because not two side mode on input line 317
.
Package marginnote Info: xpos seems to be 100.01144pt on input line 317.
Package marginnote Info: Margin note 8.9 is on absolute page 8 on input line 32
1.
Package marginnote Info: right page because not two side mode on input line 321
.
Package marginnote Info: xpos seems to be 100.01144pt on input line 321.

Underfull \hbox (badness 10000) in paragraph at lines 321--322

 []

Package marginnote Info: Margin note 8.10 is on absolute page 8 on input line 3
23.
Package marginnote Info: right page because not two side mode on input line 323
.
Package marginnote Info: xpos seems to be 100.01144pt on input line 323.

Underfull \hbox (badness 10000) in paragraph at lines 323--324

 []

Package marginnote Info: Margin note 8.11 is on absolute page 9 on input line 3
25.
Package marginnote Info: right page because not two side mode on input line 325
.
Package marginnote Info: xpos seems to be 100.01144pt on input line 325.
[8]
Underfull \hbox (badness 10000) in paragraph at lines 325--326

 []

Package marginnote Info: Margin note 9.1 is on absolute page 9 on input line 32
7.
Package marginnote Info: right page because not two side mode on input line 327
.
Package marginnote Info: xpos seems to be 100.01144pt on input line 327.

Underfull \hbox (badness 10000) in paragraph at lines 327--328

 []

Package marginnote Info: Margin note 9.2 is on absolute page 9 on input line 32
9.
Package marginnote Info: right page because not two side mode on input line 329
.
Package marginnote Info: xpos seems to be 100.01144pt on input line 329.

Underfull \hbox (badness 10000) in paragraph at lines 329--330

 []

Package marginnote Info: Margin note 9.3 is on absolute page 9 on input line 33
1.
Package marginnote Info: right page because not two side mode on input line 331
.
Package marginnote Info: xpos seems to be 100.01144pt on input line 331.

Underfull \hbox (badness 10000) in paragraph at lines 331--332

 []

Package marginnote Info: Margin note 9.4 is on absolute page 9 on input line 33
3.
Package marginnote Info: right page because not two side mode on input line 333
.
Package marginnote Info: xpos seems to be 100.01144pt on input line 333.

Underfull \hbox (badness 10000) in paragraph at lines 333--334

 []

Package marginnote Info: Margin note 9.5 is on absolute page 9 on input line 33
5.
Package marginnote Info: right page because not two side mode on input line 335
.
Package marginnote Info: xpos seems to be 100.01144pt on input line 335.
[9]
Underfull \hbox (badness 10000) in paragraph at lines 390--392

 []

[10]
Underfull \hbox (badness 10000) in paragraph at lines 407--435

 []


Underfull \hbox (badness 10000) in paragraph at lines 407--435

 []


Underfull \hbox (badness 10000) in paragraph at lines 407--435

 []

[11] (./cv-espanol.aux
LaTeX Info: Redefining \. on input line 25.
LaTeX Info: Redefining \% on input line 25.
)
Package rerunfilecheck Info: File `cv-espanol.out' has not changed.
(rerunfilecheck)             Checksum: D41D8CD98F00B204E9800998ECF8427E;0.
 ) 
Here is how much of TeX's memory you used:
 26829 strings out of 476191
 537752 string characters out of 5812073
 872808 words of memory out of 5000000
 47119 multiletter control sequences out of 15000+600000
 474786 words of font info for 90 fonts, out of 8000000 for 9000
 1348 hyphenation exceptions out of 8191
 84i,9n,100p,802b,630s stack positions out of 5000i,500n,10000p,200000b,80000s

Output written on cv-espanol.pdf (11 pages).
