This is XeTeX, Version 3.14159265-2.6-0.999992 (TeX Live 2020/Debian) (preloaded format=xelatex 2021.6.30)  5 NOV 2021 11:20
entering extended mode
 restricted \write18 enabled.
 %&-line parsing enabled.
**cv.tex
(./cv.tex
LaTeX2e <2020-10-01> patch level 4
L3 programming layer <2021-01-09> xparse <2020-03-03>
(/usr/share/texlive/texmf-dist/tex/latex/base/article.cls
Document Class: article 2020/04/10 v1.4m Standard LaTeX document class
(/usr/share/texlive/texmf-dist/tex/latex/base/size12.clo
File: size12.clo 2020/04/10 v1.4m Standard LaTeX file (size option)
)
\c@part=\count173
\c@section=\count174
\c@subsection=\count175
\c@subsubsection=\count176
\c@paragraph=\count177
\c@subparagraph=\count178
\c@figure=\count179
\c@table=\count180
\abovecaptionskip=\skip47
\belowcaptionskip=\skip48
\bibindent=\dimen138
)
(/usr/share/texlive/texmf-dist/tex/latex/fontspec/fontspec.sty
(/usr/share/texlive/texmf-dist/tex/latex/l3packages/xparse/xparse.sty
(/usr/share/texlive/texmf-dist/tex/latex/l3kernel/expl3.sty
Package: expl3 2021-01-09 L3 programming layer (loader) 

(/usr/share/texlive/texmf-dist/tex/latex/l3backend/l3backend-xetex.def
File: l3backend-xetex.def 2020-01-29 L3 backend support: XeTeX

(|extractbb --version)
\c__kernel_sys_dvipdfmx_version_int=\count181
\l__color_backend_stack_int=\count182
\g__graphics_track_int=\count183
\l__pdf_internal_box=\box47
\g__pdf_backend_object_int=\count184
\g__pdf_backend_annotation_int=\count185
\g__pdf_backend_link_int=\count186
))
Package: xparse 2020-10-27 L3 Experimental document command parser

(/usr/share/texlive/texmf-dist/tex/latex/l3packages/xparse/xparse-generic.tex))
Package: fontspec 2020/02/21 v2.7i Font selection for XeLaTeX and LuaLaTeX
(/usr/share/texlive/texmf-dist/tex/latex/fontspec/fontspec-xetex.sty
Package: fontspec-xetex 2020/02/21 v2.7i Font selection for XeLaTeX and LuaLaTe
X
\l__fontspec_script_int=\count187
\l__fontspec_language_int=\count188
\l__fontspec_strnum_int=\count189
\l__fontspec_tmp_int=\count190
\l__fontspec_tmpa_int=\count191
\l__fontspec_tmpb_int=\count192
\l__fontspec_tmpc_int=\count193
\l__fontspec_em_int=\count194
\l__fontspec_emdef_int=\count195
\l__fontspec_strong_int=\count196
\l__fontspec_strongdef_int=\count197
\l__fontspec_tmpa_dim=\dimen139
\l__fontspec_tmpb_dim=\dimen140
\l__fontspec_tmpc_dim=\dimen141

(/usr/share/texlive/texmf-dist/tex/latex/base/fontenc.sty
Package: fontenc 2020/08/10 v2.0s Standard LaTeX package
)
(/usr/share/texlive/texmf-dist/tex/latex/fontspec/fontspec.cfg)))
(/usr/share/texlive/texmf-dist/tex/latex/geometry/geometry.sty
Package: geometry 2020/01/02 v5.9 Page Geometry

(/usr/share/texlive/texmf-dist/tex/latex/graphics/keyval.sty
Package: keyval 2014/10/28 v1.15 key=value parser (DPC)
\KV@toks@=\toks15
)
(/usr/share/texlive/texmf-dist/tex/generic/iftex/ifvtex.sty
Package: ifvtex 2019/10/25 v1.7 ifvtex legacy package. Use iftex instead.

(/usr/share/texlive/texmf-dist/tex/generic/iftex/iftex.sty
Package: iftex 2020/03/06 v1.0d TeX engine tests
))
\Gm@cnth=\count198
\Gm@cntv=\count199
\c@Gm@tempcnt=\count266
\Gm@bindingoffset=\dimen142
\Gm@wd@mp=\dimen143
\Gm@odd@mp=\dimen144
\Gm@even@mp=\dimen145
\Gm@layoutwidth=\dimen146
\Gm@layoutheight=\dimen147
\Gm@layouthoffset=\dimen148
\Gm@layoutvoffset=\dimen149
\Gm@dimlist=\toks16
)
(/usr/share/texlive/texmf-dist/tex/latex/graphics/graphicx.sty
Package: graphicx 2020/09/09 v1.2b Enhanced LaTeX Graphics (DPC,SPQR)

(/usr/share/texlive/texmf-dist/tex/latex/graphics/graphics.sty
Package: graphics 2020/08/30 v1.4c Standard LaTeX Graphics (DPC,SPQR)

(/usr/share/texlive/texmf-dist/tex/latex/graphics/trig.sty
Package: trig 2016/01/03 v1.10 sin cos tan (DPC)
)
(/usr/share/texlive/texmf-dist/tex/latex/graphics-cfg/graphics.cfg
File: graphics.cfg 2016/06/04 v1.11 sample graphics configuration
)
Package graphics Info: Driver file: xetex.def on input line 105.

(/usr/share/texlive/texmf-dist/tex/latex/graphics-def/xetex.def
File: xetex.def 2020/08/26 v5.0i Graphics/color driver for xetex
))
\Gin@req@height=\dimen150
\Gin@req@width=\dimen151
)
(/usr/share/texlive/texmf-dist/tex/latex/xcolor/xcolor.sty
Package: xcolor 2016/05/11 v2.12 LaTeX color extensions (UK)

(/usr/share/texlive/texmf-dist/tex/latex/graphics-cfg/color.cfg
File: color.cfg 2016/01/02 v1.6 sample color configuration
)
Package xcolor Info: Package option `usenames' ignored on input line 216.
Package xcolor Info: Driver file: xetex.def on input line 225.
Package xcolor Info: Model `cmy' substituted by `cmy0' on input line 1348.
Package xcolor Info: Model `RGB' extended on input line 1364.
Package xcolor Info: Model `HTML' substituted by `rgb' on input line 1366.
Package xcolor Info: Model `Hsb' substituted by `hsb' on input line 1367.
Package xcolor Info: Model `tHsb' substituted by `hsb' on input line 1368.
Package xcolor Info: Model `HSB' substituted by `hsb' on input line 1369.
Package xcolor Info: Model `Gray' substituted by `gray' on input line 1370.
Package xcolor Info: Model `wave' substituted by `hsb' on input line 1371.

(/usr/share/texlive/texmf-dist/tex/latex/graphics/dvipsnam.def
File: dvipsnam.def 2016/06/17 v3.0m Driver-dependent file (DPC,SPQR)
))
(/usr/share/texlive/texmf-dist/tex/xelatex/xunicode/xunicode.sty
File: xunicode.sty 2011/09/09 v0.981 provides access to latin accents and many 
other characters in Unicode lower plane

(/usr/share/texmf/tex/latex/tipa/t3enc.def
File: t3enc.def 2001/12/31 T3 encoding
)
\tipaTiiicode=\count267
\tipasavetokens=\toks17
\tipachecktokens=\toks18
)
(/usr/share/texlive/texmf-dist/tex/xelatex/xltxtra/xltxtra.sty
Package: xltxtra 2018/12/31 v0.7 Improvements for the "XeLaTeX" format

(/usr/share/texlive/texmf-dist/tex/generic/iftex/ifluatex.sty
Package: ifluatex 2019/10/25 v1.5 ifluatex legacy package. Use iftex instead.
)
(/usr/share/texlive/texmf-dist/tex/generic/iftex/ifxetex.sty
Package: ifxetex 2019/10/25 v0.7 ifxetex legacy package. Use iftex instead.
)
(/usr/share/texlive/texmf-dist/tex/latex/realscripts/realscripts.sty
Package: realscripts 2016/02/13 v0.3d Access OpenType subscripts and superscrip
ts
\subsupersep=\dimen152
)
(/usr/share/texlive/texmf-dist/tex/latex/metalogo/metalogo.sty
Package: metalogo 2010/05/29 v0.12 Extended TeX logo macros
\xl@everylogo=\toks19
\xl@@everylogo=\toks20
LaTeX Info: Redefining \TeX on input line 193.
LaTeX Info: Redefining \LaTeX on input line 202.
LaTeX Info: Redefining \LaTeXe on input line 219.
)
\l__xetex_show_hyphens_wrapping_box=\box48
\l__xetex_show_hyphens_temp_box=\box49
\l__xetex_show_hyphens_final_box=\box50
\g__xetex_show_hyphens_word_box=\box51
)

Package fontspec Info: Font family 'LinLibertine_R.otf(0)' created for font
(fontspec)             'LinLibertine_R.otf' with options
(fontspec)             [Mapping=tex-text,Ligatures=TeX,Ligatures={Common},Numbe
rs={OldStyle},Variant=01,BoldFont=LinLibertine_RB.otf,ItalicFont=LinLibertine_R
I.otf,BoldItalicFont=LinLibertine_RBI.otf].
(fontspec)              
(fontspec)              This font family consists of the following NFSS
(fontspec)             series/shapes:
(fontspec)              
(fontspec)             - 'normal' (m/n) with NFSS spec.:
(fontspec)             <->"[LinLibertine_R.otf]/OT:script=latn;language=dflt;+l
iga;+onum;+ss01;mapping=tex-text;"
(fontspec)             - 'small caps'  (m/sc) with NFSS spec.:
(fontspec)             <->"[LinLibertine_R.otf]/OT:script=latn;language=dflt;+l
iga;+onum;+ss01;+smcp;mapping=tex-text;"
(fontspec)             - 'bold' (b/n) with NFSS spec.:
(fontspec)             <->"[LinLibertine_RB.otf]/OT:script=latn;language=dflt;+
liga;+onum;+ss01;mapping=tex-text;"
(fontspec)             - 'bold small caps'  (b/sc) with NFSS spec.:
(fontspec)             <->"[LinLibertine_RB.otf]/OT:script=latn;language=dflt;+
liga;+onum;+ss01;+smcp;mapping=tex-text;"
(fontspec)             - 'italic' (m/it) with NFSS spec.:
(fontspec)             <->"[LinLibertine_RI.otf]/OT:script=latn;language=dflt;+
liga;+onum;+ss01;mapping=tex-text;"
(fontspec)             - 'italic small caps'  (m/scit) with NFSS spec.:
(fontspec)             <->"[LinLibertine_RI.otf]/OT:script=latn;language=dflt;+
liga;+onum;+ss01;+smcp;mapping=tex-text;"
(fontspec)             - 'bold italic' (b/it) with NFSS spec.:
(fontspec)             <->"[LinLibertine_RBI.otf]/OT:script=latn;language=dflt;
+liga;+onum;+ss01;mapping=tex-text;"
(fontspec)             - 'bold italic small caps'  (b/scit) with NFSS spec.:
(fontspec)             <->"[LinLibertine_RBI.otf]/OT:script=latn;language=dflt;
+liga;+onum;+ss01;+smcp;mapping=tex-text;"


Package fontspec Info: Font family 'DejaVuSansMono.ttf(0)' created for font
(fontspec)             'DejaVuSansMono.ttf' with options
(fontspec)             [Mapping=tex-text,WordSpace={1,0,0},HyphenChar=None,Punc
tuationSpace=WordSpace,Scale=0.8].
(fontspec)              
(fontspec)              This font family consists of the following NFSS
(fontspec)             series/shapes:
(fontspec)              
(fontspec)             - 'normal' (m/n) with NFSS spec.:
(fontspec)             <->s*[0.8]"[DejaVuSansMono.ttf]/OT:script=latn;language=
dflt;mapping=tex-text;"
(fontspec)             - 'small caps'  (m/sc) with NFSS spec.: 
(fontspec)             and font adjustment code:
(fontspec)             \fontdimen 2\font =1\fontdimen 2\font \fontdimen 3\font
(fontspec)             =0\fontdimen 3\font \fontdimen 4\font =0\fontdimen
(fontspec)             4\font \fontdimen 7\font =0\fontdimen 2\font
(fontspec)             \tex_hyphenchar:D \font =-1\scan_stop: 


(/usr/share/texlive/texmf-dist/tex/latex/marginnote/marginnote.sty
Package: marginnote 2018/08/09 v1.4b non floating margin notes for LaTeX
\c@mn@abspage=\count268
)
(/usr/share/texlive/texmf-dist/tex/latex/sectsty/sectsty.sty
Package: sectsty 2002/02/25 v2.0.2 Commands to change all sectional heading sty
les


LaTeX Warning: Command \underbar  has changed.
               Check if current package is valid.


LaTeX Warning: Command \underline  has changed.
               Check if current package is valid.

) (/usr/share/texlive/texmf-dist/tex/generic/ulem/ulem.sty
\UL@box=\box52
\UL@hyphenbox=\box53
\UL@skip=\skip49
\UL@hook=\toks21
\UL@height=\dimen153
\UL@pe=\count269
\UL@pixel=\dimen154
\ULC@box=\box54
Package: ulem 2019/11/18
\ULdepth=\dimen155
)
(/usr/share/texlive/texmf-dist/tex/latex/hyperref/hyperref.sty
Package: hyperref 2020-05-15 v7.00e Hypertext links for LaTeX

(/usr/share/texlive/texmf-dist/tex/generic/ltxcmds/ltxcmds.sty
Package: ltxcmds 2020-05-10 v1.25 LaTeX kernel commands for general use (HO)
)
(/usr/share/texlive/texmf-dist/tex/generic/pdftexcmds/pdftexcmds.sty
Package: pdftexcmds 2020-06-27 v0.33 Utility functions of pdfTeX for LuaTeX (HO
)

(/usr/share/texlive/texmf-dist/tex/generic/infwarerr/infwarerr.sty
Package: infwarerr 2019/12/03 v1.5 Providing info/warning/error messages (HO)
)
Package pdftexcmds Info: \pdf@primitive is available.
Package pdftexcmds Info: \pdf@ifprimitive is available.
Package pdftexcmds Info: \pdfdraftmode not found.
)
(/usr/share/texlive/texmf-dist/tex/generic/kvsetkeys/kvsetkeys.sty
Package: kvsetkeys 2019/12/15 v1.18 Key value parser (HO)
)
(/usr/share/texlive/texmf-dist/tex/generic/kvdefinekeys/kvdefinekeys.sty
Package: kvdefinekeys 2019-12-19 v1.6 Define keys (HO)
)
(/usr/share/texlive/texmf-dist/tex/generic/pdfescape/pdfescape.sty
Package: pdfescape 2019/12/09 v1.15 Implements pdfTeX's escape features (HO)
)
(/usr/share/texlive/texmf-dist/tex/latex/hycolor/hycolor.sty
Package: hycolor 2020-01-27 v1.10 Color options for hyperref/bookmark (HO)
)
(/usr/share/texlive/texmf-dist/tex/latex/letltxmacro/letltxmacro.sty
Package: letltxmacro 2019/12/03 v1.6 Let assignment for LaTeX macros (HO)
)
(/usr/share/texlive/texmf-dist/tex/latex/auxhook/auxhook.sty
Package: auxhook 2019-12-17 v1.6 Hooks for auxiliary files (HO)
)
(/usr/share/texlive/texmf-dist/tex/latex/kvoptions/kvoptions.sty
Package: kvoptions 2020-10-07 v3.14 Key value format for package options (HO)
)
\@linkdim=\dimen156
\Hy@linkcounter=\count270
\Hy@pagecounter=\count271

(/usr/share/texlive/texmf-dist/tex/latex/hyperref/pd1enc.def
File: pd1enc.def 2020-05-15 v7.00e Hyperref: PDFDocEncoding definition (HO)
)
(/usr/share/texlive/texmf-dist/tex/generic/intcalc/intcalc.sty
Package: intcalc 2019/12/15 v1.3 Expandable calculations with integers (HO)
)
(/usr/share/texlive/texmf-dist/tex/generic/etexcmds/etexcmds.sty
Package: etexcmds 2019/12/15 v1.7 Avoid name clashes with e-TeX commands (HO)
)
\Hy@SavedSpaceFactor=\count272
Package hyperref Info: Option `bookmarks' set `true' on input line 4338.
Package hyperref Info: Option `colorlinks' set `true' on input line 4338.
Package hyperref Info: Option `breaklinks' set `true' on input line 4338.


Package hyperref Warning: XeTeX driver only supports unicode.
(hyperref)                Enabling option `unicode'.

Package hyperref Info: Option `unicode' set `true' on input line 4338.
(/usr/share/texlive/texmf-dist/tex/latex/hyperref/puenc.def
File: puenc.def 2020-05-15 v7.00e Hyperref: PDF Unicode definition (HO)
)
Package hyperref Info: Hyper figures OFF on input line 4464.
Package hyperref Info: Link nesting OFF on input line 4469.
Package hyperref Info: Hyper index ON on input line 4472.
Package hyperref Info: Plain pages OFF on input line 4479.
Package hyperref Info: Backreferencing OFF on input line 4484.
Package hyperref Info: Implicit mode ON; LaTeX internals redefined.
Package hyperref Info: Bookmarks ON on input line 4717.
\c@Hy@tempcnt=\count273

(/usr/share/texlive/texmf-dist/tex/latex/url/url.sty
\Urlmuskip=\muskip16
Package: url 2013/09/16  ver 3.4  Verb mode for urls, etc.
)
LaTeX Info: Redefining \url on input line 5076.
\XeTeXLinkMargin=\dimen157

(/usr/share/texlive/texmf-dist/tex/generic/bitset/bitset.sty
Package: bitset 2019/12/09 v1.3 Handle bit-vector datatype (HO)

(/usr/share/texlive/texmf-dist/tex/generic/bigintcalc/bigintcalc.sty
Package: bigintcalc 2019/12/15 v1.5 Expandable calculations on big integers (HO
)
))
\Fld@menulength=\count274
\Field@Width=\dimen158
\Fld@charsize=\dimen159
Package hyperref Info: Hyper figures OFF on input line 6347.
Package hyperref Info: Link nesting OFF on input line 6352.
Package hyperref Info: Hyper index ON on input line 6355.
Package hyperref Info: backreferencing OFF on input line 6362.
Package hyperref Info: Link coloring ON on input line 6365.
Package hyperref Info: Link coloring with OCG OFF on input line 6372.
Package hyperref Info: PDF/A mode OFF on input line 6377.
LaTeX Info: Redefining \ref on input line 6417.
LaTeX Info: Redefining \pageref on input line 6421.

(/usr/share/texlive/texmf-dist/tex/latex/base/atbegshi-ltx.sty
Package: atbegshi-ltx 2020/08/17 v1.0a Emulation of the original atbegshi packa
ge
with kernel methods
)
\Hy@abspage=\count275
\c@Item=\count276
\c@Hfootnote=\count277
)
Package hyperref Info: Driver (autodetected): hxetex.

(/usr/share/texlive/texmf-dist/tex/latex/hyperref/hxetex.def
File: hxetex.def 2020-05-15 v7.00e Hyperref driver for XeTeX

(/usr/share/texlive/texmf-dist/tex/generic/stringenc/stringenc.sty
Package: stringenc 2019/11/29 v1.12 Convert strings between diff. encodings (HO
)
)
\pdfm@box=\box55
\c@Hy@AnnotLevel=\count278
\HyField@AnnotCount=\count279
\Fld@listcount=\count280
\c@bookmark@seq@number=\count281

(/usr/share/texlive/texmf-dist/tex/latex/rerunfilecheck/rerunfilecheck.sty
Package: rerunfilecheck 2019/12/05 v1.9 Rerun checks for auxiliary files (HO)

(/usr/share/texlive/texmf-dist/tex/latex/base/atveryend-ltx.sty
Package: atveryend-ltx 2020/08/19 v1.0a Emulation of the original atvery packag
e
with kernel methods
)
(/usr/share/texlive/texmf-dist/tex/generic/uniquecounter/uniquecounter.sty
Package: uniquecounter 2019/12/15 v1.4 Provide unlimited unique counter (HO)
)
Package uniquecounter Info: New unique counter `rerunfilecheck' on input line 2
86.
)
\Hy@SectionHShift=\skip50
)
(./cv.aux)
\openout1 = `cv.aux'.

LaTeX Font Info:    Checking defaults for OML/cmm/m/it on input line 72.
LaTeX Font Info:    ... okay on input line 72.
LaTeX Font Info:    Checking defaults for OMS/cmsy/m/n on input line 72.
LaTeX Font Info:    ... okay on input line 72.
LaTeX Font Info:    Checking defaults for OT1/cmr/m/n on input line 72.
LaTeX Font Info:    ... okay on input line 72.
LaTeX Font Info:    Checking defaults for T1/cmr/m/n on input line 72.
LaTeX Font Info:    ... okay on input line 72.
LaTeX Font Info:    Checking defaults for TS1/cmr/m/n on input line 72.
LaTeX Font Info:    Trying to load font information for TS1+cmr on input line 7
2.
 (/usr/share/texlive/texmf-dist/tex/latex/base/ts1cmr.fd
File: ts1cmr.fd 2019/12/16 v2.5j Standard LaTeX font definitions
)
LaTeX Font Info:    ... okay on input line 72.
LaTeX Font Info:    Checking defaults for TU/lmr/m/n on input line 72.
LaTeX Font Info:    ... okay on input line 72.
LaTeX Font Info:    Checking defaults for OMX/cmex/m/n on input line 72.
LaTeX Font Info:    ... okay on input line 72.
LaTeX Font Info:    Checking defaults for U/cmr/m/n on input line 72.
LaTeX Font Info:    ... okay on input line 72.
LaTeX Font Info:    Checking defaults for T3/cmr/m/n on input line 72.
LaTeX Font Info:    Trying to load font information for T3+cmr on input line 72
.

(/usr/share/texmf/tex/latex/tipa/t3cmr.fd
File: t3cmr.fd 2001/12/31 TIPA font definitions
)
LaTeX Font Info:    ... okay on input line 72.
LaTeX Font Info:    Checking defaults for PD1/pdf/m/n on input line 72.
LaTeX Font Info:    ... okay on input line 72.
LaTeX Font Info:    Checking defaults for PU/pdf/m/n on input line 72.
LaTeX Font Info:    ... okay on input line 72.

Package fontspec Info: Adjusting the maths setup (use [no-math] to avoid
(fontspec)             this).

\symlegacymaths=\mathgroup4
LaTeX Font Info:    Overwriting symbol font `legacymaths' in version `bold'
(Font)                  OT1/cmr/m/n --> OT1/cmr/bx/n on input line 72.
LaTeX Font Info:    Redeclaring math accent \acute on input line 72.
LaTeX Font Info:    Redeclaring math accent \grave on input line 72.
LaTeX Font Info:    Redeclaring math accent \ddot on input line 72.
LaTeX Font Info:    Redeclaring math accent \tilde on input line 72.
LaTeX Font Info:    Redeclaring math accent \bar on input line 72.
LaTeX Font Info:    Redeclaring math accent \breve on input line 72.
LaTeX Font Info:    Redeclaring math accent \check on input line 72.
LaTeX Font Info:    Redeclaring math accent \hat on input line 72.
LaTeX Font Info:    Redeclaring math accent \dot on input line 72.
LaTeX Font Info:    Redeclaring math accent \mathring on input line 72.
LaTeX Font Info:    Redeclaring math symbol \colon on input line 72.
LaTeX Font Info:    Redeclaring math symbol \Gamma on input line 72.
LaTeX Font Info:    Redeclaring math symbol \Delta on input line 72.
LaTeX Font Info:    Redeclaring math symbol \Theta on input line 72.
LaTeX Font Info:    Redeclaring math symbol \Lambda on input line 72.
LaTeX Font Info:    Redeclaring math symbol \Xi on input line 72.
LaTeX Font Info:    Redeclaring math symbol \Pi on input line 72.
LaTeX Font Info:    Redeclaring math symbol \Sigma on input line 72.
LaTeX Font Info:    Redeclaring math symbol \Upsilon on input line 72.
LaTeX Font Info:    Redeclaring math symbol \Phi on input line 72.
LaTeX Font Info:    Redeclaring math symbol \Psi on input line 72.
LaTeX Font Info:    Redeclaring math symbol \Omega on input line 72.
LaTeX Font Info:    Redeclaring math symbol \mathdollar on input line 72.
LaTeX Font Info:    Redeclaring symbol font `operators' on input line 72.
LaTeX Font Info:    Encoding `OT1' has changed to `TU' for symbol font
(Font)              `operators' in the math version `normal' on input line 72.
LaTeX Font Info:    Overwriting symbol font `operators' in version `normal'
(Font)                  OT1/cmr/m/n --> TU/LinLibertine_R.otf(0)/m/n on input l
ine 72.
LaTeX Font Info:    Encoding `OT1' has changed to `TU' for symbol font
(Font)              `operators' in the math version `bold' on input line 72.
LaTeX Font Info:    Overwriting symbol font `operators' in version `bold'
(Font)                  OT1/cmr/bx/n --> TU/LinLibertine_R.otf(0)/m/n on input 
line 72.
LaTeX Font Info:    Overwriting symbol font `operators' in version `normal'
(Font)                  TU/LinLibertine_R.otf(0)/m/n --> TU/LinLibertine_R.otf(
0)/m/n on input line 72.
LaTeX Font Info:    Overwriting math alphabet `\mathit' in version `normal'
(Font)                  OT1/cmr/m/it --> TU/LinLibertine_R.otf(0)/m/it on input
 line 72.
LaTeX Font Info:    Overwriting math alphabet `\mathbf' in version `normal'
(Font)                  OT1/cmr/bx/n --> TU/LinLibertine_R.otf(0)/b/n on input 
line 72.
LaTeX Font Info:    Overwriting math alphabet `\mathsf' in version `normal'
(Font)                  OT1/cmss/m/n --> TU/lmss/m/n on input line 72.
LaTeX Font Info:    Overwriting math alphabet `\mathtt' in version `normal'
(Font)                  OT1/cmtt/m/n --> TU/DejaVuSansMono.ttf(0)/m/n on input 
line 72.
LaTeX Font Info:    Overwriting symbol font `operators' in version `bold'
(Font)                  TU/LinLibertine_R.otf(0)/m/n --> TU/LinLibertine_R.otf(
0)/b/n on input line 72.
LaTeX Font Info:    Overwriting math alphabet `\mathit' in version `bold'
(Font)                  OT1/cmr/bx/it --> TU/LinLibertine_R.otf(0)/b/it on inpu
t line 72.
LaTeX Font Info:    Overwriting math alphabet `\mathsf' in version `bold'
(Font)                  OT1/cmss/bx/n --> TU/lmss/b/n on input line 72.
LaTeX Font Info:    Overwriting math alphabet `\mathtt' in version `bold'
(Font)                  OT1/cmtt/m/n --> TU/DejaVuSansMono.ttf(0)/b/n on input 
line 72.

*geometry* driver: auto-detecting
*geometry* detected driver: xetex
*geometry* verbose mode - [ preamble ] result:
* driver: xetex
* paper: a4paper
* layout: <same size as paper>
* layoutoffset:(h,v)=(0.0pt,0.0pt)
* modes: 
* h-part:(L,W,R)=(100.01144pt, 397.48499pt, 100.01144pt)
* v-part:(T,H,B)=(92.30072pt, 614.295pt, 138.45113pt)
* \paperwidth=597.50787pt
* \paperheight=845.04684pt
* \textwidth=397.48499pt
* \textheight=614.295pt
* \oddsidemargin=27.74146pt
* \evensidemargin=27.74146pt
* \topmargin=-16.96927pt
* \headheight=12.0pt
* \headsep=25.0pt
* \topskip=12.0pt
* \footskip=30.0pt
* \marginparwidth=43.36243pt
* \marginparsep=7.0pt
* \columnsep=10.0pt
* \skip\footins=10.8pt plus 4.0pt minus 2.0pt
* \hoffset=0.0pt
* \voffset=0.0pt
* \mag=1000
* \@twocolumnfalse
* \@twosidefalse
* \@mparswitchfalse
* \@reversemargintrue
* (1in=72.27pt=25.4mm, 1cm=28.453pt)

Package hyperref Info: Link coloring ON on input line 72.
(/usr/share/texlive/texmf-dist/tex/latex/hyperref/nameref.sty
Package: nameref 2019/09/16 v2.46 Cross-referencing by name of section

(/usr/share/texlive/texmf-dist/tex/latex/refcount/refcount.sty
Package: refcount 2019/12/15 v3.6 Data extraction from label references (HO)
)
(/usr/share/texlive/texmf-dist/tex/generic/gettitlestring/gettitlestring.sty
Package: gettitlestring 2019/12/15 v1.6 Cleanup title references (HO)
)
\c@section@level=\count282
)
LaTeX Info: Redefining \ref on input line 72.
LaTeX Info: Redefining \pageref on input line 72.
LaTeX Info: Redefining \nameref on input line 72.

(./cv.out) (./cv.out)
\@outlinefile=\write3
\openout3 = `cv.out'.


Underfull \hbox (badness 10000) in paragraph at lines 73--75

 []

File: Gerardo-OHRG-1-pequena.png Graphic file (type bmp)
<Gerardo-OHRG-1-pequena.png>
LaTeX Font Info:    Font shape `TU/DejaVuSansMono.ttf(0)/m/n' will be
(Font)              scaled to size 9.60004pt on input line 81.

Underfull \hbox (badness 10000) in paragraph at lines 80--85

 []

Package marginnote Info: Margin note 1.1 is on absolute page 1 on input line 93
.
Package marginnote Info: right page because not two side mode on input line 93.

Package marginnote Info: xpos seems to be 100.01144pt on input line 93.

Underfull \hbox (badness 10000) in paragraph at lines 93--95

 []

Package marginnote Info: Margin note 1.2 is on absolute page 1 on input line 96
.
Package marginnote Info: right page because not two side mode on input line 96.

Package marginnote Info: xpos seems to be 100.01144pt on input line 96.

Underfull \hbox (badness 10000) in paragraph at lines 96--100

 []

Package marginnote Info: Margin note 1.3 is on absolute page 1 on input line 10
1.
Package marginnote Info: right page because not two side mode on input line 101
.
Package marginnote Info: xpos seems to be 100.01144pt on input line 101.

Underfull \hbox (badness 10000) in paragraph at lines 101--102

 []

Package marginnote Info: Margin note 1.4 is on absolute page 1 on input line 10
3.
Package marginnote Info: right page because not two side mode on input line 103
.
Package marginnote Info: xpos seems to be 100.01144pt on input line 103.

Underfull \hbox (badness 10000) in paragraph at lines 103--104

 []

LaTeX Font Info:    External font `cmex10' loaded for size
(Font)              <12> on input line 107.
LaTeX Font Info:    External font `cmex10' loaded for size
(Font)              <8> on input line 107.
LaTeX Font Info:    External font `cmex10' loaded for size
(Font)              <6> on input line 107.
[1

]
Package marginnote Info: Margin note 2.1 is on absolute page 2 on input line 11
2.
Package marginnote Info: right page because not two side mode on input line 112
.
Package marginnote Info: xpos seems to be 100.01144pt on input line 112.
Package marginnote Info: Margin note 2.2 is on absolute page 2 on input line 11
4.
Package marginnote Info: right page because not two side mode on input line 114
.
Package marginnote Info: xpos seems to be 100.01144pt on input line 114.

Package fontspec Info: Font family 'LinLibertine_R.otf(1)' created for font
(fontspec)             'LinLibertine_R.otf' with options
(fontspec)             [Mapping=tex-text,Ligatures=TeX,Ligatures={Common},Numbe
rs={OldStyle},Variant=01,BoldFont=LinLibertine_RB.otf,ItalicFont=LinLibertine_R
I.otf,BoldItalicFont=LinLibertine_RBI.otf,VerticalPosition=Superior].
(fontspec)              
(fontspec)              This font family consists of the following NFSS
(fontspec)             series/shapes:
(fontspec)              
(fontspec)             - 'normal' (m/n) with NFSS spec.:
(fontspec)             <->"[LinLibertine_R.otf]/OT:script=latn;language=dflt;+l
iga;+onum;+ss01;+sups;mapping=tex-text;"
(fontspec)             - 'small caps'  (m/sc) with NFSS spec.:
(fontspec)             <->"[LinLibertine_R.otf]/OT:script=latn;language=dflt;+l
iga;+onum;+ss01;+sups;+smcp;mapping=tex-text;"
(fontspec)             - 'bold' (b/n) with NFSS spec.:
(fontspec)             <->"[LinLibertine_RB.otf]/OT:script=latn;language=dflt;+
liga;+onum;+ss01;+sups;mapping=tex-text;"
(fontspec)             - 'bold small caps'  (b/sc) with NFSS spec.:
(fontspec)             <->"[LinLibertine_RB.otf]/OT:script=latn;language=dflt;+
liga;+onum;+ss01;+sups;+smcp;mapping=tex-text;"
(fontspec)             - 'italic' (m/it) with NFSS spec.:
(fontspec)             <->"[LinLibertine_RI.otf]/OT:script=latn;language=dflt;+
liga;+onum;+ss01;+sups;mapping=tex-text;"
(fontspec)             - 'italic small caps'  (m/scit) with NFSS spec.:
(fontspec)             <->"[LinLibertine_RI.otf]/OT:script=latn;language=dflt;+
liga;+onum;+ss01;+sups;+smcp;mapping=tex-text;"
(fontspec)             - 'bold italic' (b/it) with NFSS spec.:
(fontspec)             <->"[LinLibertine_RBI.otf]/OT:script=latn;language=dflt;
+liga;+onum;+ss01;+sups;mapping=tex-text;"
(fontspec)             - 'bold italic small caps'  (b/scit) with NFSS spec.:
(fontspec)             <->"[LinLibertine_RBI.otf]/OT:script=latn;language=dflt;
+liga;+onum;+ss01;+sups;+smcp;mapping=tex-text;"

LaTeX Font Info:    Font shape `TU/DejaVuSansMono.ttf(0)/m/n' will be
(Font)              scaled to size 8.00003pt on input line 114.
LaTeX Font Info:    External font `cmex10' loaded for size
(Font)              <7> on input line 114.
LaTeX Font Info:    External font `cmex10' loaded for size
(Font)              <5> on input line 114.

Underfull \hbox (badness 10000) in paragraph at lines 114--115

 []

Package marginnote Info: Margin note 2.3 is on absolute page 2 on input line 11
6.
Package marginnote Info: right page because not two side mode on input line 116
.
Package marginnote Info: xpos seems to be 100.01144pt on input line 116.

Underfull \hbox (badness 10000) in paragraph at lines 116--117

 []

Package marginnote Info: Margin note 2.4 is on absolute page 2 on input line 11
8.
Package marginnote Info: right page because not two side mode on input line 118
.
Package marginnote Info: xpos seems to be 100.01144pt on input line 118.

Underfull \hbox (badness 10000) in paragraph at lines 118--119

 []

Package marginnote Info: Margin note 2.5 is on absolute page 2 on input line 12
0.
Package marginnote Info: right page because not two side mode on input line 120
.
Package marginnote Info: xpos seems to be 100.01144pt on input line 120.

Underfull \hbox (badness 10000) in paragraph at lines 120--121

 []

Package marginnote Info: Margin note 2.6 is on absolute page 2 on input line 12
2.
Package marginnote Info: right page because not two side mode on input line 122
.
Package marginnote Info: xpos seems to be 100.01144pt on input line 122.

Underfull \hbox (badness 10000) in paragraph at lines 122--123

 []

Package marginnote Info: Margin note 2.7 is on absolute page 2 on input line 12
4.
Package marginnote Info: right page because not two side mode on input line 124
.
Package marginnote Info: xpos seems to be 100.01144pt on input line 124.

Underfull \hbox (badness 10000) in paragraph at lines 124--125

 []

Package marginnote Info: Margin note 2.8 is on absolute page 2 on input line 12
6.
Package marginnote Info: right page because not two side mode on input line 126
.
Package marginnote Info: xpos seems to be 100.01144pt on input line 126.

Underfull \hbox (badness 10000) in paragraph at lines 126--127

 []

Package marginnote Info: Margin note 2.9 is on absolute page 2 on input line 13
1.
Package marginnote Info: right page because not two side mode on input line 131
.
Package marginnote Info: xpos seems to be 102.71707pt on input line 131.

Underfull \hbox (badness 10000) in paragraph at lines 130--132

 []

Package marginnote Info: Margin note 2.10 is on absolute page 2 on input line 1
33.
Package marginnote Info: right page because not two side mode on input line 133
.
Package marginnote Info: xpos seems to be 100.01144pt on input line 133.

Underfull \hbox (badness 10000) in paragraph at lines 133--134

 []

Package marginnote Info: Margin note 2.11 is on absolute page 3 on input line 1
40.
Package marginnote Info: right page because not two side mode on input line 140
.
Package marginnote Info: xpos seems to be 100.01144pt on input line 140.
[2]
Overfull \hbox (1.96707pt too wide) in paragraph at lines 140--141
[]\TU/LinLibertine_R.otf(0)/b/n/12 Gerardo Marín\TU/LinLibertine_R.otf(0)/m/n/1
2 , Joseph Erinjery, Rikki Gumbs, Ruchira Somaweera, Dileepa Ediri-
 []


Underfull \hbox (badness 10000) in paragraph at lines 140--141

 []

Package marginnote Info: Margin note 3.1 is on absolute page 3 on input line 14
2.
Package marginnote Info: right page because not two side mode on input line 142
.
Package marginnote Info: xpos seems to be 100.01144pt on input line 142.

Underfull \hbox (badness 10000) in paragraph at lines 142--143

 []

Package marginnote Info: Margin note 3.2 is on absolute page 3 on input line 14
4.
Package marginnote Info: right page because not two side mode on input line 144
.
Package marginnote Info: xpos seems to be 100.01144pt on input line 144.

Overfull \hbox (10.28311pt too wide) in paragraph at lines 144--145
[]\TU/LinLibertine_R.otf(0)/b/n/12 Gerardo Martín\TU/LinLibertine_R.otf(0)/m/n/
12 , Carlos Yáñez-Arenas, Rodrigo S. Camacho, Eyal Goldstein, Takuya
 []


Underfull \hbox (badness 10000) in paragraph at lines 144--145

 []

Package marginnote Info: Margin note 3.3 is on absolute page 3 on input line 14
6.
Package marginnote Info: right page because not two side mode on input line 146
.
Package marginnote Info: xpos seems to be 100.01144pt on input line 146.

Overfull \hbox (10.98842pt too wide) in paragraph at lines 146--147
[]\TU/LinLibertine_R.otf(0)/m/n/12 Eyal Goldstein,Joseph Erinjery, \TU/LinLiber
tine_R.otf(0)/b/n/12 Gerardo, Martín\TU/LinLibertine_R.otf(0)/m/n/12 ; Anuradha
ni Kasturiratne, Dileepa
 []


Underfull \hbox (badness 10000) in paragraph at lines 146--147

 []

Package marginnote Info: Margin note 3.4 is on absolute page 3 on input line 14
8.
Package marginnote Info: right page because not two side mode on input line 148
.
Package marginnote Info: xpos seems to be 100.01144pt on input line 148.

Overfull \hbox (2.51907pt too wide) in paragraph at lines 148--149
[]\TU/LinLibertine_R.otf(0)/m/n/12 Carlos Yáñez-Arenas, \TU/LinLibertine_R.otf(
0)/b/n/12 Gerardo Martín\TU/LinLibertine_R.otf(0)/m/n/12 , Luis Osorio-Olvera, 
Jazmín Escobar-Luján,
 []


Overfull \hbox (6.75102pt too wide) in paragraph at lines 148--149
\TU/LinLibertine_R.otf(0)/b/n/12 pothesis: key points about unfilled niches and
 the potential use of supraspe-
 []


Underfull \hbox (badness 10000) in paragraph at lines 148--149

 []

Package marginnote Info: Margin note 3.5 is on absolute page 3 on input line 15
0.
Package marginnote Info: right page because not two side mode on input line 150
.
Package marginnote Info: xpos seems to be 100.01144pt on input line 150.

Underfull \hbox (badness 10000) in paragraph at lines 150--151

 []

Package marginnote Info: Margin note 3.6 is on absolute page 3 on input line 15
2.
Package marginnote Info: right page because not two side mode on input line 152
.
Package marginnote Info: xpos seems to be 100.01144pt on input line 152.

Underfull \hbox (badness 10000) in paragraph at lines 152--153

 []

Package marginnote Info: Margin note 3.7 is on absolute page 3 on input line 15
4.
Package marginnote Info: right page because not two side mode on input line 154
.
Package marginnote Info: xpos seems to be 100.01144pt on input line 154.

Underfull \hbox (badness 10000) in paragraph at lines 154--155

 []

Package marginnote Info: Margin note 3.8 is on absolute page 4 on input line 15
6.
Package marginnote Info: right page because not two side mode on input line 156
.
Package marginnote Info: xpos seems to be 100.01144pt on input line 156.
[3]
Underfull \hbox (badness 10000) in paragraph at lines 156--157

 []

Package marginnote Info: Margin note 4.1 is on absolute page 4 on input line 15
8.
Package marginnote Info: right page because not two side mode on input line 158
.
Package marginnote Info: xpos seems to be 100.01144pt on input line 158.

Underfull \hbox (badness 10000) in paragraph at lines 158--159

 []

Package marginnote Info: Margin note 4.2 is on absolute page 4 on input line 16
0.
Package marginnote Info: right page because not two side mode on input line 160
.
Package marginnote Info: xpos seems to be 100.01144pt on input line 160.

Underfull \hbox (badness 10000) in paragraph at lines 160--161

 []

Package marginnote Info: Margin note 4.3 is on absolute page 4 on input line 16
2.
Package marginnote Info: right page because not two side mode on input line 162
.
Package marginnote Info: xpos seems to be 100.01144pt on input line 162.

Overfull \hbox (13.8591pt too wide) in paragraph at lines 162--163
[]\TU/LinLibertine_R.otf(0)/m/n/12 Yáñez Arenas, Carlos Alberto; Rioja-Nieto, R
odolfo; Dzul-Manzanilla, Felipe; \TU/LinLibertine_R.otf(0)/b/n/12 Martín,
 []


Underfull \hbox (badness 10000) in paragraph at lines 162--163

 []

Package marginnote Info: Margin note 4.4 is on absolute page 4 on input line 16
4.
Package marginnote Info: right page because not two side mode on input line 164
.
Package marginnote Info: xpos seems to be 100.01144pt on input line 164.

Overfull \hbox (16.65369pt too wide) in paragraph at lines 164--165
\TU/LinLibertine_R.otf(0)/m/n/12 Skerratt. \TU/LinLibertine_R.otf(0)/b/n/12 Mic
roclimates might limit indirect spillover of the bat borne zoonotic
 []


Underfull \hbox (badness 10000) in paragraph at lines 164--165

 []

Package marginnote Info: Margin note 4.5 is on absolute page 4 on input line 16
6.
Package marginnote Info: right page because not two side mode on input line 166
.
Package marginnote Info: xpos seems to be 100.01144pt on input line 166.

Underfull \hbox (badness 10000) in paragraph at lines 166--167

 []

Package marginnote Info: Margin note 4.6 is on absolute page 4 on input line 16
8.
Package marginnote Info: right page because not two side mode on input line 168
.
Package marginnote Info: xpos seems to be 100.01144pt on input line 168.

Underfull \hbox (badness 10000) in paragraph at lines 168--169

 []

Package marginnote Info: Margin note 4.7 is on absolute page 4 on input line 17
0.
Package marginnote Info: right page because not two side mode on input line 170
.
Package marginnote Info: xpos seems to be 100.01144pt on input line 170.

Underfull \hbox (badness 10000) in paragraph at lines 170--171

 []

[4]
Package marginnote Info: Margin note 5.1 is on absolute page 5 on input line 17
2.
Package marginnote Info: right page because not two side mode on input line 172
.
Package marginnote Info: xpos seems to be 100.01144pt on input line 172.

Underfull \hbox (badness 10000) in paragraph at lines 172--173

 []

Package marginnote Info: Margin note 5.2 is on absolute page 5 on input line 17
4.
Package marginnote Info: right page because not two side mode on input line 174
.
Package marginnote Info: xpos seems to be 100.01144pt on input line 174.

Underfull \hbox (badness 10000) in paragraph at lines 174--175

 []

Package marginnote Info: Margin note 5.3 is on absolute page 5 on input line 17
8.
Package marginnote Info: right page because not two side mode on input line 178
.
Package marginnote Info: xpos seems to be 100.01144pt on input line 178.
Package marginnote Info: Margin note 5.4 is on absolute page 5 on input line 18
0.
Package marginnote Info: right page because not two side mode on input line 180
.
Package marginnote Info: xpos seems to be 100.01144pt on input line 180.
Package marginnote Info: Margin note 5.5 is on absolute page 5 on input line 18
4.
Package marginnote Info: right page because not two side mode on input line 184
.
Package marginnote Info: xpos seems to be 100.01144pt on input line 184.

Underfull \hbox (badness 10000) in paragraph at lines 184--185

 []

Package marginnote Info: Margin note 5.6 is on absolute page 5 on input line 18
6.
Package marginnote Info: right page because not two side mode on input line 186
.
Package marginnote Info: xpos seems to be 100.01144pt on input line 186.

Underfull \hbox (badness 10000) in paragraph at lines 186--187

 []

Package marginnote Info: Margin note 5.7 is on absolute page 5 on input line 18
8.
Package marginnote Info: right page because not two side mode on input line 188
.
Package marginnote Info: xpos seems to be 100.01144pt on input line 188.

Underfull \hbox (badness 10000) in paragraph at lines 188--189

 []

Package marginnote Info: Margin note 5.8 is on absolute page 5 on input line 19
0.
Package marginnote Info: right page because not two side mode on input line 190
.
Package marginnote Info: xpos seems to be 100.01144pt on input line 190.

Underfull \hbox (badness 10000) in paragraph at lines 190--191

 []

Package marginnote Info: Margin note 5.9 is on absolute page 5 on input line 19
2.
Package marginnote Info: right page because not two side mode on input line 192
.
Package marginnote Info: xpos seems to be 100.01144pt on input line 192.

Underfull \hbox (badness 10000) in paragraph at lines 192--193

 []

Package marginnote Info: right page because not two side mode on input line 194
.
Package marginnote Info: xpos seems to be \@mn@currxpos  on input line 194.
[5]
Underfull \hbox (badness 10000) in paragraph at lines 194--195

 []

Package marginnote Info: Margin note 6.1 is on absolute page 6 on input line 19
9.
Package marginnote Info: right page because not two side mode on input line 199
.
Package marginnote Info: xpos seems to be 100.01144pt on input line 199.

Overfull \hbox (43.54372pt too wide) in paragraph at lines 201--201
[][][][][]$[][][][] [] [] [] [][][][][][][][][][][][][][][] [] [][][] [] [][][]
[][][][][][][][][][][][][][][][][][][][][][][][][][][][][][][][][][][][][][][][
][][][][][][][][][][][][][][][][][][][][][][][][][]$[][]| 
 []


Underfull \hbox (badness 10000) in paragraph at lines 198--202

 []

Package marginnote Info: Margin note 6.2 is on absolute page 6 on input line 20
6.
Package marginnote Info: right page because not two side mode on input line 206
.
Package marginnote Info: xpos seems to be 104.89838pt on input line 206.

Underfull \hbox (badness 10000) in paragraph at lines 206--207

 []

Package marginnote Info: Margin note 6.3 is on absolute page 6 on input line 20
8.
Package marginnote Info: right page because not two side mode on input line 208
.
Package marginnote Info: xpos seems to be 100.01144pt on input line 208.

Underfull \hbox (badness 10000) in paragraph at lines 208--209

 []

Package marginnote Info: Margin note 6.4 is on absolute page 6 on input line 21
0.
Package marginnote Info: right page because not two side mode on input line 210
.
Package marginnote Info: xpos seems to be 100.01144pt on input line 210.

Underfull \hbox (badness 10000) in paragraph at lines 210--211

 []

Package marginnote Info: Margin note 6.5 is on absolute page 6 on input line 21
2.
Package marginnote Info: right page because not two side mode on input line 212
.
Package marginnote Info: xpos seems to be 100.01144pt on input line 212.

Underfull \hbox (badness 10000) in paragraph at lines 212--213

 []

Package marginnote Info: Margin note 6.6 is on absolute page 6 on input line 21
4.
Package marginnote Info: right page because not two side mode on input line 214
.
Package marginnote Info: xpos seems to be 100.01144pt on input line 214.

Underfull \hbox (badness 10000) in paragraph at lines 214--215

 []

Package marginnote Info: Margin note 6.7 is on absolute page 6 on input line 21
6.
Package marginnote Info: right page because not two side mode on input line 216
.
Package marginnote Info: xpos seems to be 100.01144pt on input line 216.

Underfull \hbox (badness 10000) in paragraph at lines 216--217

 []

Package marginnote Info: Margin note 6.8 is on absolute page 6 on input line 21
8.
Package marginnote Info: right page because not two side mode on input line 218
.
Package marginnote Info: xpos seems to be 100.01144pt on input line 218.

Underfull \hbox (badness 10000) in paragraph at lines 218--219

 []

Package marginnote Info: Margin note 6.9 is on absolute page 6 on input line 22
0.
Package marginnote Info: right page because not two side mode on input line 220
.
Package marginnote Info: xpos seems to be 100.01144pt on input line 220.

Underfull \hbox (badness 10000) in paragraph at lines 220--221

 []

[6]
Package marginnote Info: Margin note 7.1 is on absolute page 7 on input line 22
2.
Package marginnote Info: right page because not two side mode on input line 222
.
Package marginnote Info: xpos seems to be 100.01144pt on input line 222.

Underfull \hbox (badness 10000) in paragraph at lines 222--224

 []

Package marginnote Info: Margin note 7.2 is on absolute page 7 on input line 22
5.
Package marginnote Info: right page because not two side mode on input line 225
.
Package marginnote Info: xpos seems to be 100.01144pt on input line 225.

Underfull \hbox (badness 10000) in paragraph at lines 225--226

 []

Package marginnote Info: Margin note 7.3 is on absolute page 7 on input line 22
7.
Package marginnote Info: right page because not two side mode on input line 227
.
Package marginnote Info: xpos seems to be 100.01144pt on input line 227.

Underfull \hbox (badness 10000) in paragraph at lines 227--228

 []

Package marginnote Info: Margin note 7.4 is on absolute page 7 on input line 22
9.
Package marginnote Info: right page because not two side mode on input line 229
.
Package marginnote Info: xpos seems to be 100.01144pt on input line 229.

Underfull \hbox (badness 10000) in paragraph at lines 229--230

 []

Package marginnote Info: Margin note 7.5 is on absolute page 7 on input line 23
1.
Package marginnote Info: right page because not two side mode on input line 231
.
Package marginnote Info: xpos seems to be 100.01144pt on input line 231.

Underfull \hbox (badness 10000) in paragraph at lines 231--232

 []

Package marginnote Info: Margin note 7.6 is on absolute page 7 on input line 23
5.
Package marginnote Info: right page because not two side mode on input line 235
.
Package marginnote Info: xpos seems to be 100.01144pt on input line 235.

Underfull \hbox (badness 10000) in paragraph at lines 235--236

 []

Package marginnote Info: Margin note 7.7 is on absolute page 7 on input line 23
7.
Package marginnote Info: right page because not two side mode on input line 237
.
Package marginnote Info: xpos seems to be 100.01144pt on input line 237.

Underfull \hbox (badness 10000) in paragraph at lines 237--238

 []

Package marginnote Info: Margin note 7.8 is on absolute page 7 on input line 23
9.
Package marginnote Info: right page because not two side mode on input line 239
.
Package marginnote Info: xpos seems to be 100.01144pt on input line 239.

Underfull \hbox (badness 10000) in paragraph at lines 239--240

 []

[7]
Underfull \hbox (badness 10000) in paragraph at lines 273--275

 []

[8]
Underfull \hbox (badness 10000) in paragraph at lines 289--325

 []


Underfull \hbox (badness 10000) in paragraph at lines 289--325

 []


Underfull \hbox (badness 10000) in paragraph at lines 289--325

 []


Underfull \hbox (badness 10000) in paragraph at lines 289--325

 []

[9] [10] (./cv.aux)

LaTeX Warning: Label(s) may have changed. Rerun to get cross-references right.

Package rerunfilecheck Info: File `cv.out' has not changed.
(rerunfilecheck)             Checksum: D41D8CD98F00B204E9800998ECF8427E;0.
 ) 
Here is how much of TeX's memory you used:
 14971 strings out of 477220
 272925 string characters out of 5832722
 620528 words of memory out of 5000000
 34490 multiletter control sequences out of 15000+600000
 407946 words of font info for 74 fonts, out of 8000000 for 9000
 1348 hyphenation exceptions out of 8191
 81i,9n,110p,733b,445s stack positions out of 5000i,500n,10000p,200000b,80000s

Output written on cv.pdf (10 pages).
